<?xml version="1.0" encoding="utf-8"?>
<TestRun id="97617136-27ab-4545-b7ba-b89c895cb039" name="@runnervmg1sw1 2025-11-25 10:26:41" xmlns="http://microsoft.com/schemas/VisualStudio/TeamTest/2010">
  <Times creation="2025-11-25T10:26:41.6908473+00:00" queuing="2025-11-25T10:26:41.6908474+00:00" start="2025-11-25T10:26:41.1001905+00:00" finish="2025-11-25T10:26:41.7562397+00:00" />
  <TestSettings name="default" id="fc337172-84ea-411e-8229-01f2643c1da2">
    <Deployment runDeploymentRoot="_runnervmg1sw1_2025-11-25_10_26_41" />
  </TestSettings>
  <Results>
    <UnitTestResult executionId="cd8d3615-d97d-4e87-b831-de006cea172b" testId="1319eee8-87f4-3c92-3880-5cbb8ec84280" testName="Praxis.Tests.RulesTests.RuleDescriptor_ShouldStoreAllProperties" computerName="runnervmg1sw1" duration="00:00:00.0002638" startTime="2025-11-25T10:26:41.6645812+00:00" endTime="2025-11-25T10:26:41.6645813+00:00" testType="13cdc9d9-ddb5-4fa4-a97d-d965ccfc6d4b" outcome="Passed" testListId="8c84fa94-04c1-424b-9868-57a2d4851a1d" relativeResultsDirectory="cd8d3615-d97d-4e87-b831-de006cea172b" />
    <UnitTestResult executionId="a2629c7f-be3c-4208-8bcc-f07cccea2fe8" testId="74458f21-c4a7-df20-6254-46cc5a62fb62" testName="Praxis.Tests.DslTests.EventDefinition_Create_ShouldCreateEventWithPayload" computerName="runnervmg1sw1" duration="00:00:00.0001778" startTime="2025-11-25T10:26:41.6605364+00:00" endTime="2025-11-25T10:26:41.6605365+00:00" testType="13cdc9d9-ddb5-4fa4-a97d-d965ccfc6d4b" outcome="Passed" testListId="8c84fa94-04c1-424b-9868-57a2d4851a1d" relativeResultsDirectory="a2629c7f-be3c-4208-8bcc-f07cccea2fe8" />
    <UnitTestResult executionId="7c420351-a5af-483a-9850-9bba8dd879f6" testId="e3a9ce59-f4c8-f825-713f-8d4d12c0981f" testName="Praxis.Tests.RulesTests.ConstraintResult_ImplicitStringConversion_ShouldCreateFailure" computerName="runnervmg1sw1" duration="00:00:00.0001637" startTime="2025-11-25T10:26:41.6649814+00:00" endTime="2025-11-25T10:26:41.6649814+00:00" testType="13cdc9d9-ddb5-4fa4-a97d-d965ccfc6d4b" outcome="Passed" testListId="8c84fa94-04c1-424b-9868-57a2d4851a1d" relativeResultsDirectory="7c420351-a5af-483a-9850-9bba8dd879f6" />
    <UnitTestResult executionId="d76a30db-200b-476f-85a2-89efece3eb16" testId="3e426c63-27c0-6f81-4e5f-eae56c3bac8b" testName="Praxis.Tests.DslTests.FactDefinition_GetPayload_ShouldDeserializePayload" computerName="runnervmg1sw1" duration="00:00:00.0005341" startTime="2025-11-25T10:26:41.6582427+00:00" endTime="2025-11-25T10:26:41.6582428+00:00" testType="13cdc9d9-ddb5-4fa4-a97d-d965ccfc6d4b" outcome="Passed" testListId="8c84fa94-04c1-424b-9868-57a2d4851a1d" relativeResultsDirectory="d76a30db-200b-476f-85a2-89efece3eb16" />
    <UnitTestResult executionId="75588d32-1f86-49c8-8afb-9601ac2e275c" testId="0501d546-7377-b480-5bd3-d36df73f92e8" testName="Praxis.Tests.ProtocolTests.PraxisStepConfig_ShouldStoreRuleAndConstraintIds" computerName="runnervmg1sw1" duration="00:00:00.0003013" startTime="2025-11-25T10:26:41.6830645+00:00" endTime="2025-11-25T10:26:41.6830646+00:00" testType="13cdc9d9-ddb5-4fa4-a97d-d965ccfc6d4b" outcome="Passed" testListId="8c84fa94-04c1-424b-9868-57a2d4851a1d" relativeResultsDirectory="75588d32-1f86-49c8-8afb-9601ac2e275c" />
    <UnitTestResult executionId="e192c641-a5d6-45e9-9a4c-35afdd67af1e" testId="664a4d99-f433-9758-af30-41d0b8a5416b" testName="Praxis.Tests.PluresDBTests+RegisterSchemaHelperTests.RegisterSchemaAsync_ShouldRegisterWithConvenienceFunction" computerName="runnervmg1sw1" duration="00:00:00.0022621" startTime="2025-11-25T10:26:41.6634772+00:00" endTime="2025-11-25T10:26:41.6634773+00:00" testType="13cdc9d9-ddb5-4fa4-a97d-d965ccfc6d4b" outcome="Passed" testListId="8c84fa94-04c1-424b-9868-57a2d4851a1d" relativeResultsDirectory="e192c641-a5d6-45e9-9a4c-35afdd67af1e" />
    <UnitTestResult executionId="31b3d707-317f-4e1d-a2ec-7f862cfb6c84" testId="046a40fb-ad6d-718b-bfc4-87a81f7154d0" testName="Praxis.Tests.IntrospectionTests.ExportDot_ShouldGenerateValidDotFormat" computerName="runnervmg1sw1" duration="00:00:00.0008863" startTime="2025-11-25T10:26:41.6583183+00:00" endTime="2025-11-25T10:26:41.6583184+00:00" testType="13cdc9d9-ddb5-4fa4-a97d-d965ccfc6d4b" outcome="Passed" testListId="8c84fa94-04c1-424b-9868-57a2d4851a1d" relativeResultsDirectory="31b3d707-317f-4e1d-a2ec-7f862cfb6c84" />
    <UnitTestResult executionId="60d952a2-39ef-40cc-a5ad-bfe9f576e028" testId="b0b18344-b151-386c-579f-9b38e4d145db" testName="Praxis.Tests.PluresDBTests+PraxisDBStoreTests.StoreFact_ShouldRejectViolatingConstraints" computerName="runnervmg1sw1" duration="00:00:00.0040842" startTime="2025-11-25T10:26:41.6903849+00:00" endTime="2025-11-25T10:26:41.6903850+00:00" testType="13cdc9d9-ddb5-4fa4-a97d-d965ccfc6d4b" outcome="Passed" testListId="8c84fa94-04c1-424b-9868-57a2d4851a1d" relativeResultsDirectory="60d952a2-39ef-40cc-a5ad-bfe9f576e028" />
    <UnitTestResult executionId="8760cde0-9def-4286-af71-6ed68a2dfcfa" testId="7a1d4676-8033-0c46-76b2-179d7b4c4e68" testName="Praxis.Tests.PluresDBTests+PraxisSchemaRegistryTests.RegisterWithIndex_ShouldNotDuplicateInIndex" computerName="runnervmg1sw1" duration="00:00:00.0010587" startTime="2025-11-25T10:26:41.6549987+00:00" endTime="2025-11-25T10:26:41.6549988+00:00" testType="13cdc9d9-ddb5-4fa4-a97d-d965ccfc6d4b" outcome="Passed" testListId="8c84fa94-04c1-424b-9868-57a2d4851a1d" relativeResultsDirectory="8760cde0-9def-4286-af71-6ed68a2dfcfa" />
    <UnitTestResult executionId="14a75492-97d6-4b8b-9ca1-40471fc0a477" testId="db5085c0-6725-cde7-42c1-af2e34699194" testName="Praxis.Tests.DslTests.DefineConstraint_ShouldCreateConstraintDescriptor" computerName="runnervmg1sw1" duration="00:00:00.0002639" startTime="2025-11-25T10:26:41.6553615+00:00" endTime="2025-11-25T10:26:41.6553616+00:00" testType="13cdc9d9-ddb5-4fa4-a97d-d965ccfc6d4b" outcome="Passed" testListId="8c84fa94-04c1-424b-9868-57a2d4851a1d" relativeResultsDirectory="14a75492-97d6-4b8b-9ca1-40471fc0a477" />
    <UnitTestResult executionId="e4e82350-aa36-4769-a0fe-ea67ecbafe04" testId="db0ed5a4-6ee5-0fe6-a953-6a5a969cbd12" testName="Praxis.Tests.PluresDBTests+PraxisDBStoreTests.StoreFact_ShouldGenerateIdIfNotProvided" computerName="runnervmg1sw1" duration="00:00:00.0020221" startTime="2025-11-25T10:26:41.6862333+00:00" endTime="2025-11-25T10:26:41.6862335+00:00" testType="13cdc9d9-ddb5-4fa4-a97d-d965ccfc6d4b" outcome="Passed" testListId="8c84fa94-04c1-424b-9868-57a2d4851a1d" relativeResultsDirectory="e4e82350-aa36-4769-a0fe-ea67ecbafe04" />
    <UnitTestResult executionId="9c9bfad9-a40a-4351-be43-d6e7cc5c4d69" testId="ff4e02e3-c13e-7000-8154-658d078ead13" testName="Praxis.Tests.DslTests.DefineModule_ShouldCreateModuleWithRulesAndConstraints" computerName="runnervmg1sw1" duration="00:00:00.0041517" startTime="2025-11-25T10:26:41.6599697+00:00" endTime="2025-11-25T10:26:41.6599698+00:00" testType="13cdc9d9-ddb5-4fa4-a97d-d965ccfc6d4b" outcome="Passed" testListId="8c84fa94-04c1-424b-9868-57a2d4851a1d" relativeResultsDirectory="9c9bfad9-a40a-4351-be43-d6e7cc5c4d69" />
    <UnitTestResult executionId="af8ac059-e2bb-498e-8ccb-0fcbd81e4b71" testId="d1bbe4a9-57b4-613f-2561-c1c7a7b07a4d" testName="Praxis.Tests.PluresDBTests+PraxisSchemaRegistryTests.Update_ShouldUpdateSchema" computerName="runnervmg1sw1" duration="00:00:00.0006227" startTime="2025-11-25T10:26:41.6136130+00:00" endTime="2025-11-25T10:26:41.6136131+00:00" testType="13cdc9d9-ddb5-4fa4-a97d-d965ccfc6d4b" outcome="Passed" testListId="8c84fa94-04c1-424b-9868-57a2d4851a1d" relativeResultsDirectory="af8ac059-e2bb-498e-8ccb-0fcbd81e4b71" />
    <UnitTestResult executionId="9a6fa00e-b087-46ce-b1f0-0883f583184f" testId="5c5a6265-9080-9fa3-71fe-10770d804677" testName="Praxis.Tests.IntrospectionTests.GetRuleInfo_ShouldReturnNullForUnknownId" computerName="runnervmg1sw1" duration="00:00:00.0006162" startTime="2025-11-25T10:26:41.6140535+00:00" endTime="2025-11-25T10:26:41.6140536+00:00" testType="13cdc9d9-ddb5-4fa4-a97d-d965ccfc6d4b" outcome="Passed" testListId="8c84fa94-04c1-424b-9868-57a2d4851a1d" relativeResultsDirectory="9a6fa00e-b087-46ce-b1f0-0883f583184f" />
    <UnitTestResult executionId="11aa2371-179e-4ab6-99dc-366814921cc6" testId="c969a894-f35d-e1f1-6405-cb483fca043b" testName="Praxis.Tests.EngineTests.LogicEngine_Create_ShouldInitializeWithContext" computerName="runnervmg1sw1" duration="00:00:00.0001560" startTime="2025-11-25T10:26:41.6602959+00:00" endTime="2025-11-25T10:26:41.6602960+00:00" testType="13cdc9d9-ddb5-4fa4-a97d-d965ccfc6d4b" outcome="Passed" testListId="8c84fa94-04c1-424b-9868-57a2d4851a1d" relativeResultsDirectory="11aa2371-179e-4ab6-99dc-366814921cc6" />
    <UnitTestResult executionId="14495708-61f6-416e-846a-f7d60f0dc03b" testId="de1accb0-5bba-5c7b-4227-a98807ac984d" testName="Praxis.Tests.IntrospectionTests.SearchRules_ShouldSearchDescription" computerName="runnervmg1sw1" duration="00:00:00.0002702" startTime="2025-11-25T10:26:41.6590598+00:00" endTime="2025-11-25T10:26:41.6590599+00:00" testType="13cdc9d9-ddb5-4fa4-a97d-d965ccfc6d4b" outcome="Passed" testListId="8c84fa94-04c1-424b-9868-57a2d4851a1d" relativeResultsDirectory="14495708-61f6-416e-846a-f7d60f0dc03b" />
    <UnitTestResult executionId="34bbb791-a570-4539-b35a-04453c0da6be" testId="05565461-5482-0dbb-b476-0414b97c39c7" testName="Praxis.Tests.ProtocolTests.PraxisEvent_GetPayload_ShouldDeserializePayload" computerName="runnervmg1sw1" duration="00:00:00.0012106" startTime="2025-11-25T10:26:41.6790139+00:00" endTime="2025-11-25T10:26:41.6790140+00:00" testType="13cdc9d9-ddb5-4fa4-a97d-d965ccfc6d4b" outcome="Passed" testListId="8c84fa94-04c1-424b-9868-57a2d4851a1d" relativeResultsDirectory="34bbb791-a570-4539-b35a-04453c0da6be" />
    <UnitTestResult executionId="2db9f896-4c3f-44f6-9ae7-02cbe327126c" testId="7fdb928b-b7d4-37c2-40f3-340bde48d1aa" testName="Praxis.Tests.RulesTests.ConstraintResult_Success_ShouldBeValid" computerName="runnervmg1sw1" duration="00:00:00.0003856" startTime="2025-11-25T10:26:41.6627377+00:00" endTime="2025-11-25T10:26:41.6627377+00:00" testType="13cdc9d9-ddb5-4fa4-a97d-d965ccfc6d4b" outcome="Passed" testListId="8c84fa94-04c1-424b-9868-57a2d4851a1d" relativeResultsDirectory="2db9f896-4c3f-44f6-9ae7-02cbe327126c" />
    <UnitTestResult executionId="dba86d2f-c40c-4dbd-b561-5f380a618c6c" testId="9bf025da-bc05-61f7-81a2-6dc9aaf3bc59" testName="Praxis.Tests.IntrospectionTests.SearchRules_ShouldBeCaseInsensitive" computerName="runnervmg1sw1" duration="00:00:00.0114490" startTime="2025-11-25T10:26:41.6129802+00:00" endTime="2025-11-25T10:26:41.6129803+00:00" testType="13cdc9d9-ddb5-4fa4-a97d-d965ccfc6d4b" outcome="Passed" testListId="8c84fa94-04c1-424b-9868-57a2d4851a1d" relativeResultsDirectory="dba86d2f-c40c-4dbd-b561-5f380a618c6c" />
    <UnitTestResult executionId="cdb9f325-8ea8-4c5f-a1cc-e935c980f434" testId="5d0fdd54-0f76-a9a8-d1c6-5720e43cfdba" testName="Praxis.Tests.EngineTests.LogicEngine_UpdateContext_ShouldUpdateContextDirectly" computerName="runnervmg1sw1" duration="00:00:00.0002920" startTime="2025-11-25T10:26:41.6593296+00:00" endTime="2025-11-25T10:26:41.6593297+00:00" testType="13cdc9d9-ddb5-4fa4-a97d-d965ccfc6d4b" outcome="Passed" testListId="8c84fa94-04c1-424b-9868-57a2d4851a1d" relativeResultsDirectory="cdb9f325-8ea8-4c5f-a1cc-e935c980f434" />
    <UnitTestResult executionId="278c03c3-95b0-49e1-af6b-7662f718a57c" testId="045c8a00-bafc-1d9e-6b48-2ca2ebebe64e" testName="Praxis.Tests.DslTests.EventDefinition_Is_ShouldMatchCorrectTag" computerName="runnervmg1sw1" duration="00:00:00.0001529" startTime="2025-11-25T10:26:41.6600567+00:00" endTime="2025-11-25T10:26:41.6600568+00:00" testType="13cdc9d9-ddb5-4fa4-a97d-d965ccfc6d4b" outcome="Passed" testListId="8c84fa94-04c1-424b-9868-57a2d4851a1d" relativeResultsDirectory="278c03c3-95b0-49e1-af6b-7662f718a57c" />
    <UnitTestResult executionId="f6df1d27-3aa2-47af-8bf6-b56c6f9ea4f3" testId="49b81bbc-4dfa-14ae-17b7-9d2f3daf0e2c" testName="Praxis.Tests.ProtocolTests.Protocol_ShouldSerializeToJson" computerName="runnervmg1sw1" duration="00:00:00.0255433" startTime="2025-11-25T10:26:41.6780525+00:00" endTime="2025-11-25T10:26:41.6780526+00:00" testType="13cdc9d9-ddb5-4fa4-a97d-d965ccfc6d4b" outcome="Passed" testListId="8c84fa94-04c1-424b-9868-57a2d4851a1d" relativeResultsDirectory="f6df1d27-3aa2-47af-8bf6-b56c6f9ea4f3" />
    <UnitTestResult executionId="3972ab3b-68e6-41df-bd95-db6aa84cc714" testId="dc21a006-4612-efed-080c-e45d0e520832" testName="Praxis.Tests.PluresDBTests+PathGeneratorTests.PraxisPaths_ShouldHaveCorrectValues" computerName="runnervmg1sw1" duration="00:00:00.0001123" startTime="2025-11-25T10:26:41.6637824+00:00" endTime="2025-11-25T10:26:41.6637825+00:00" testType="13cdc9d9-ddb5-4fa4-a97d-d965ccfc6d4b" outcome="Passed" testListId="8c84fa94-04c1-424b-9868-57a2d4851a1d" relativeResultsDirectory="3972ab3b-68e6-41df-bd95-db6aa84cc714" />
    <UnitTestResult executionId="27c47717-0b02-477c-b074-a5a28b31ec43" testId="df4448e5-f3b9-008c-446a-fe23915dc29b" testName="Praxis.Tests.DslTests.FactDefinition_Create_ShouldCreateFactWithPayload" computerName="runnervmg1sw1" duration="00:00:00.0001621" startTime="2025-11-25T10:26:41.6613998+00:00" endTime="2025-11-25T10:26:41.6613999+00:00" testType="13cdc9d9-ddb5-4fa4-a97d-d965ccfc6d4b" outcome="Passed" testListId="8c84fa94-04c1-424b-9868-57a2d4851a1d" relativeResultsDirectory="27c47717-0b02-477c-b074-a5a28b31ec43" />
    <UnitTestResult executionId="f027d681-c0f4-45bd-ad79-dd1b39e3c40c" testId="dba8128c-15ef-e635-4b8c-128f90fd3394" testName="Praxis.Tests.EngineTests.LogicEngine_Reset_ShouldRestoreInitialState" computerName="runnervmg1sw1" duration="00:00:00.0037618" startTime="2025-11-25T10:26:41.6588994+00:00" endTime="2025-11-25T10:26:41.6588995+00:00" testType="13cdc9d9-ddb5-4fa4-a97d-d965ccfc6d4b" outcome="Passed" testListId="8c84fa94-04c1-424b-9868-57a2d4851a1d" relativeResultsDirectory="f027d681-c0f4-45bd-ad79-dd1b39e3c40c" />
    <UnitTestResult executionId="e726fbf3-2ddb-446d-b2e8-8f1923e2f483" testId="f8977031-48bc-1cb1-2292-0486f87f61d9" testName="Praxis.Tests.PluresDBTests+InMemoryPraxisDBTests.Watch_ShouldUnsubscribe" computerName="runnervmg1sw1" duration="00:00:00.0071875" startTime="2025-11-25T10:26:41.6697964+00:00" endTime="2025-11-25T10:26:41.6697965+00:00" testType="13cdc9d9-ddb5-4fa4-a97d-d965ccfc6d4b" outcome="Passed" testListId="8c84fa94-04c1-424b-9868-57a2d4851a1d" relativeResultsDirectory="e726fbf3-2ddb-446d-b2e8-8f1923e2f483" />
    <UnitTestResult executionId="ee5bdbc6-350c-4a90-885d-6972ebcad219" testId="36b2afae-dfa9-eecc-3949-002e9ec0b0cb" testName="Praxis.Tests.DslTests.FindEvent_ShouldReturnNullIfNotFound" computerName="runnervmg1sw1" duration="00:00:00.0001438" startTime="2025-11-25T10:26:41.6604576+00:00" endTime="2025-11-25T10:26:41.6604577+00:00" testType="13cdc9d9-ddb5-4fa4-a97d-d965ccfc6d4b" outcome="Passed" testListId="8c84fa94-04c1-424b-9868-57a2d4851a1d" relativeResultsDirectory="ee5bdbc6-350c-4a90-885d-6972ebcad219" />
    <UnitTestResult executionId="2b583966-9f85-4b7e-8d22-bdec10162105" testId="3b9c9c80-7f58-4f5d-dc69-ad1e871959ab" testName="Praxis.Tests.PluresDBTests+PraxisSchemaRegistryTests.Register_ShouldRegisterSchema" computerName="runnervmg1sw1" duration="00:00:00.0073443" startTime="2025-11-25T10:26:41.6075116+00:00" endTime="2025-11-25T10:26:41.6075707+00:00" testType="13cdc9d9-ddb5-4fa4-a97d-d965ccfc6d4b" outcome="Passed" testListId="8c84fa94-04c1-424b-9868-57a2d4851a1d" relativeResultsDirectory="2b583966-9f85-4b7e-8d22-bdec10162105" />
    <UnitTestResult executionId="0ff99776-5b77-43c4-b3a4-20982dc41ddf" testId="bec8c29a-b46e-99da-457d-8a56960e45e5" testName="Praxis.Tests.DslTests.EventDefinition_GetPayload_ShouldDeserializePayload" computerName="runnervmg1sw1" duration="00:00:00.0154032" startTime="2025-11-25T10:26:41.6579942+00:00" endTime="2025-11-25T10:26:41.6579943+00:00" testType="13cdc9d9-ddb5-4fa4-a97d-d965ccfc6d4b" outcome="Passed" testListId="8c84fa94-04c1-424b-9868-57a2d4851a1d" relativeResultsDirectory="0ff99776-5b77-43c4-b3a4-20982dc41ddf" />
    <UnitTestResult executionId="e68bbc42-9786-4219-a366-33a3d20b660e" testId="46cbcb83-7556-31d9-9d8e-cedb9664f8d2" testName="Praxis.Tests.PluresDBTests+PraxisSchemaRegistryTests.RegisterWithIndex_ShouldListSchemas" computerName="runnervmg1sw1" duration="00:00:00.0048770" startTime="2025-11-25T10:26:41.6547040+00:00" endTime="2025-11-25T10:26:41.6547041+00:00" testType="13cdc9d9-ddb5-4fa4-a97d-d965ccfc6d4b" outcome="Passed" testListId="8c84fa94-04c1-424b-9868-57a2d4851a1d" relativeResultsDirectory="e68bbc42-9786-4219-a366-33a3d20b660e" />
    <UnitTestResult executionId="7aeabd25-a93d-4fa6-969d-7b4ceebaaf64" testId="c8e5f0d9-98fb-66c8-7809-df31343ce664" testName="Praxis.Tests.PluresDBTests+PraxisDBStoreTests.StoreFact_ShouldStoreFact" computerName="runnervmg1sw1" duration="00:00:00.0012796" startTime="2025-11-25T10:26:41.6950988+00:00" endTime="2025-11-25T10:26:41.6950989+00:00" testType="13cdc9d9-ddb5-4fa4-a97d-d965ccfc6d4b" outcome="Passed" testListId="8c84fa94-04c1-424b-9868-57a2d4851a1d" relativeResultsDirectory="7aeabd25-a93d-4fa6-969d-7b4ceebaaf64" />
    <UnitTestResult executionId="5aeaeda9-c2d6-41fc-aaf3-b93fbc4338be" testId="a2bdcfd0-e9bb-0df4-c9a4-b04340076b77" testName="Praxis.Tests.RulesTests.ConstraintDescriptor_ShouldStoreAllProperties" computerName="runnervmg1sw1" duration="00:00:00.0001893" startTime="2025-11-25T10:26:41.6650557+00:00" endTime="2025-11-25T10:26:41.6650558+00:00" testType="13cdc9d9-ddb5-4fa4-a97d-d965ccfc6d4b" outcome="Passed" testListId="8c84fa94-04c1-424b-9868-57a2d4851a1d" relativeResultsDirectory="5aeaeda9-c2d6-41fc-aaf3-b93fbc4338be" />
    <UnitTestResult executionId="d1aa62a5-f3a5-4695-bc86-59fe93dbb9e5" testId="acbfcd2a-02e1-5d97-fdee-42a8e29609a9" testName="Praxis.Tests.ProtocolTests.PraxisFact_Create_ShouldCreateFactWithPayload" computerName="runnervmg1sw1" duration="00:00:00.0013312" startTime="2025-11-25T10:26:41.6823146+00:00" endTime="2025-11-25T10:26:41.6823146+00:00" testType="13cdc9d9-ddb5-4fa4-a97d-d965ccfc6d4b" outcome="Passed" testListId="8c84fa94-04c1-424b-9868-57a2d4851a1d" relativeResultsDirectory="d1aa62a5-f3a5-4695-bc86-59fe93dbb9e5" />
    <UnitTestResult executionId="81d84ba5-92f8-46d4-ab98-632766d2a74b" testId="d7d71c8c-ffe4-3944-6da8-41ca7b37c624" testName="Praxis.Tests.RulesTests.PraxisRegistry_RegisterRule_ShouldThrowOnDuplicate" computerName="runnervmg1sw1" duration="00:00:00.0019866" startTime="2025-11-25T10:26:41.6648172+00:00" endTime="2025-11-25T10:26:41.6648173+00:00" testType="13cdc9d9-ddb5-4fa4-a97d-d965ccfc6d4b" outcome="Passed" testListId="8c84fa94-04c1-424b-9868-57a2d4851a1d" relativeResultsDirectory="81d84ba5-92f8-46d4-ab98-632766d2a74b" />
    <UnitTestResult executionId="d4e057b2-a052-4781-b60d-b8e20ebe34ab" testId="9f006eb8-6ba0-5e4a-3bd2-4b8cbb62f2b8" testName="Praxis.Tests.ProtocolTests.PraxisState_WithContext_ShouldCreateNewStateWithUpdatedContext" computerName="runnervmg1sw1" duration="00:00:00.0001927" startTime="2025-11-25T10:26:41.6797997+00:00" endTime="2025-11-25T10:26:41.6797997+00:00" testType="13cdc9d9-ddb5-4fa4-a97d-d965ccfc6d4b" outcome="Passed" testListId="8c84fa94-04c1-424b-9868-57a2d4851a1d" relativeResultsDirectory="d4e057b2-a052-4781-b60d-b8e20ebe34ab" />
    <UnitTestResult executionId="30730ef1-038f-4541-8aa5-1ec04f902585" testId="89f44103-f020-7ecf-2dcd-131d6d24065c" testName="Praxis.Tests.PluresDBTests+InMemoryPraxisDBTests.GetSetAsync_ShouldGetAndSetValues" computerName="runnervmg1sw1" duration="00:00:00.0007418" startTime="2025-11-25T10:26:41.6823844+00:00" endTime="2025-11-25T10:26:41.6823844+00:00" testType="13cdc9d9-ddb5-4fa4-a97d-d965ccfc6d4b" outcome="Passed" testListId="8c84fa94-04c1-424b-9868-57a2d4851a1d" relativeResultsDirectory="30730ef1-038f-4541-8aa5-1ec04f902585" />
    <UnitTestResult executionId="5efc0f2b-07a6-456d-87be-0149b9e24d23" testId="bff68b5b-ed41-2d0e-a5a7-a238234b65c9" testName="Praxis.Tests.ProtocolTests.PraxisState_GetContext_ShouldDeserializeContext" computerName="runnervmg1sw1" duration="00:00:00.0002772" startTime="2025-11-25T10:26:41.6797264+00:00" endTime="2025-11-25T10:26:41.6797265+00:00" testType="13cdc9d9-ddb5-4fa4-a97d-d965ccfc6d4b" outcome="Passed" testListId="8c84fa94-04c1-424b-9868-57a2d4851a1d" relativeResultsDirectory="5efc0f2b-07a6-456d-87be-0149b9e24d23" />
    <UnitTestResult executionId="27bdc20f-10d4-4198-afb5-7f42cb5c87c6" testId="e98e05e9-c3fb-5cea-5a88-ed11836db895" testName="Praxis.Tests.EngineTests.LogicEngine_ClearFacts_ShouldRemoveAllFacts" computerName="runnervmg1sw1" duration="00:00:00.0007020" startTime="2025-11-25T10:26:41.6612359+00:00" endTime="2025-11-25T10:26:41.6612360+00:00" testType="13cdc9d9-ddb5-4fa4-a97d-d965ccfc6d4b" outcome="Passed" testListId="8c84fa94-04c1-424b-9868-57a2d4851a1d" relativeResultsDirectory="27bdc20f-10d4-4198-afb5-7f42cb5c87c6" />
    <UnitTestResult executionId="e5d10336-68de-42f9-a89b-468a77811587" testId="21100c36-6902-ab80-6c28-50139336ae42" testName="Praxis.Tests.RulesTests.PraxisRegistry_GetAllRules_ShouldReturnAllRegisteredRules" computerName="runnervmg1sw1" duration="00:00:00.0015456" startTime="2025-11-25T10:26:41.6712695+00:00" endTime="2025-11-25T10:26:41.6712696+00:00" testType="13cdc9d9-ddb5-4fa4-a97d-d965ccfc6d4b" outcome="Passed" testListId="8c84fa94-04c1-424b-9868-57a2d4851a1d" relativeResultsDirectory="e5d10336-68de-42f9-a89b-468a77811587" />
    <UnitTestResult executionId="272e343a-b8fd-4d86-bdba-3923ba4667d5" testId="be6e6296-488d-a999-d773-6e6d54159cb2" testName="Praxis.Tests.RulesTests.PraxisModule_ShouldBundleRulesAndConstraints" computerName="runnervmg1sw1" duration="00:00:00.0026304" startTime="2025-11-25T10:26:41.6639755+00:00" endTime="2025-11-25T10:26:41.6639756+00:00" testType="13cdc9d9-ddb5-4fa4-a97d-d965ccfc6d4b" outcome="Passed" testListId="8c84fa94-04c1-424b-9868-57a2d4851a1d" relativeResultsDirectory="272e343a-b8fd-4d86-bdba-3923ba4667d5" />
    <UnitTestResult executionId="a4371a68-3c03-4abf-900e-0a6207da2b7e" testId="1b4748cc-d8cc-691e-a0a1-20462b544269" testName="Praxis.Tests.RulesTests.PraxisRegistry_GetRule_ShouldReturnNullForUnknownId" computerName="runnervmg1sw1" duration="00:00:00.0001140" startTime="2025-11-25T10:26:41.6721395+00:00" endTime="2025-11-25T10:26:41.6721396+00:00" testType="13cdc9d9-ddb5-4fa4-a97d-d965ccfc6d4b" outcome="Passed" testListId="8c84fa94-04c1-424b-9868-57a2d4851a1d" relativeResultsDirectory="a4371a68-3c03-4abf-900e-0a6207da2b7e" />
    <UnitTestResult executionId="d49b85af-0b53-45a1-a292-d17649311412" testId="036f6b8f-4c5b-6ab7-4448-d847da953930" testName="Praxis.Tests.EngineTests.LogicEngine_Step_ShouldApplyRules" computerName="runnervmg1sw1" duration="00:00:00.0024099" startTime="2025-11-25T10:26:41.6616907+00:00" endTime="2025-11-25T10:26:41.6616907+00:00" testType="13cdc9d9-ddb5-4fa4-a97d-d965ccfc6d4b" outcome="Passed" testListId="8c84fa94-04c1-424b-9868-57a2d4851a1d" relativeResultsDirectory="d49b85af-0b53-45a1-a292-d17649311412" />
    <UnitTestResult executionId="f6610b16-b48f-444c-a2c8-1872f5c72b3e" testId="8959c7b6-33f4-350f-798b-d8069b878e42" testName="Praxis.Tests.DslTests.FilterEvents_ShouldFilterByDefinition" computerName="runnervmg1sw1" duration="00:00:00.0007871" startTime="2025-11-25T10:26:41.6615776+00:00" endTime="2025-11-25T10:26:41.6615776+00:00" testType="13cdc9d9-ddb5-4fa4-a97d-d965ccfc6d4b" outcome="Passed" testListId="8c84fa94-04c1-424b-9868-57a2d4851a1d" relativeResultsDirectory="f6610b16-b48f-444c-a2c8-1872f5c72b3e" />
    <UnitTestResult executionId="9eea5edf-c640-42d9-bee8-400e910b7abe" testId="6f4e85ca-ddec-3133-2527-0171ebad786e" testName="Praxis.Tests.RulesTests.PraxisRegistry_RegisterConstraint_ShouldAddConstraint" computerName="runnervmg1sw1" duration="00:00:00.0012689" startTime="2025-11-25T10:26:41.6628118+00:00" endTime="2025-11-25T10:26:41.6628119+00:00" testType="13cdc9d9-ddb5-4fa4-a97d-d965ccfc6d4b" outcome="Passed" testListId="8c84fa94-04c1-424b-9868-57a2d4851a1d" relativeResultsDirectory="9eea5edf-c640-42d9-bee8-400e910b7abe" />
    <UnitTestResult executionId="ee3680d3-6c22-4641-9476-6b3274ebf7fd" testId="cf1e966c-eb43-de32-68c2-6f942f9dc0f6" testName="Praxis.Tests.DslTests.FindEvent_ShouldFindFirstMatchingEvent" computerName="runnervmg1sw1" duration="00:00:00.0018741" startTime="2025-11-25T10:26:41.6591506+00:00" endTime="2025-11-25T10:26:41.6591507+00:00" testType="13cdc9d9-ddb5-4fa4-a97d-d965ccfc6d4b" outcome="Passed" testListId="8c84fa94-04c1-424b-9868-57a2d4851a1d" relativeResultsDirectory="ee3680d3-6c22-4641-9476-6b3274ebf7fd" />
    <UnitTestResult executionId="2e6cb694-6fca-4b96-97b6-d7164e26d473" testId="884cc89b-bec7-a044-03ac-a5385c988cc1" testName="Praxis.Tests.RulesTests.ConstraintResult_Failure_ShouldBeInvalidWithMessage" computerName="runnervmg1sw1" duration="00:00:00.0001306" startTime="2025-11-25T10:26:41.6722381+00:00" endTime="2025-11-25T10:26:41.6722382+00:00" testType="13cdc9d9-ddb5-4fa4-a97d-d965ccfc6d4b" outcome="Passed" testListId="8c84fa94-04c1-424b-9868-57a2d4851a1d" relativeResultsDirectory="2e6cb694-6fca-4b96-97b6-d7164e26d473" />
    <UnitTestResult executionId="2f26fc62-3ca1-4bba-b560-4c783dd623a3" testId="d4f0270b-794c-15f0-9736-87b381058dad" testName="Praxis.Tests.IntrospectionTests.SearchConstraints_ShouldFindMatchingConstraints" computerName="runnervmg1sw1" duration="00:00:00.0050337" startTime="2025-11-25T10:26:41.6136871+00:00" endTime="2025-11-25T10:26:41.6136872+00:00" testType="13cdc9d9-ddb5-4fa4-a97d-d965ccfc6d4b" outcome="Passed" testListId="8c84fa94-04c1-424b-9868-57a2d4851a1d" relativeResultsDirectory="2f26fc62-3ca1-4bba-b560-4c783dd623a3" />
    <UnitTestResult executionId="57fdc25e-66ed-45cb-a2b4-78c3b888e229" testId="32bf1b1d-d422-7002-c2af-1f96af47dd46" testName="Praxis.Tests.PluresDBTests+PathGeneratorTests.GetSchemaPath_ShouldGenerateCorrectPaths" computerName="runnervmg1sw1" duration="00:00:00.0001011" startTime="2025-11-25T10:26:41.6637041+00:00" endTime="2025-11-25T10:26:41.6637042+00:00" testType="13cdc9d9-ddb5-4fa4-a97d-d965ccfc6d4b" outcome="Passed" testListId="8c84fa94-04c1-424b-9868-57a2d4851a1d" relativeResultsDirectory="57fdc25e-66ed-45cb-a2b4-78c3b888e229" />
    <UnitTestResult executionId="3b9c0e4c-553b-48d5-8dbb-2828e9f65d29" testId="d80ec2c2-0fd1-cdd9-e8b9-ffc3b43dba62" testName="Praxis.Tests.PluresDBTests+InMemoryPraxisDBTests.GetAsync_ShouldReturnNullForMissingKeys" computerName="runnervmg1sw1" duration="00:00:00.0004526" startTime="2025-11-25T10:26:41.6647380+00:00" endTime="2025-11-25T10:26:41.6647380+00:00" testType="13cdc9d9-ddb5-4fa4-a97d-d965ccfc6d4b" outcome="Passed" testListId="8c84fa94-04c1-424b-9868-57a2d4851a1d" relativeResultsDirectory="3b9c0e4c-553b-48d5-8dbb-2828e9f65d29" />
    <UnitTestResult executionId="ed27162c-7854-4d07-862c-9300c3b43b1b" testId="5b18a490-d9be-a57b-b41b-ad0f81c8cf68" testName="Praxis.Tests.EngineTests.LogicEngine_Step_ShouldHandleRuleErrors" computerName="runnervmg1sw1" duration="00:00:00.0028308" startTime="2025-11-25T10:26:41.6594053+00:00" endTime="2025-11-25T10:26:41.6594053+00:00" testType="13cdc9d9-ddb5-4fa4-a97d-d965ccfc6d4b" outcome="Passed" testListId="8c84fa94-04c1-424b-9868-57a2d4851a1d" relativeResultsDirectory="ed27162c-7854-4d07-862c-9300c3b43b1b" />
    <UnitTestResult executionId="779339cc-0881-4c92-bce3-758dcdc412e7" testId="1e24614f-c144-533d-2159-8f712e0c1ed7" testName="Praxis.Tests.DslTests.FilterFacts_ShouldFilterByDefinition" computerName="runnervmg1sw1" duration="00:00:00.0011472" startTime="2025-11-25T10:26:41.6581606+00:00" endTime="2025-11-25T10:26:41.6581607+00:00" testType="13cdc9d9-ddb5-4fa4-a97d-d965ccfc6d4b" outcome="Passed" testListId="8c84fa94-04c1-424b-9868-57a2d4851a1d" relativeResultsDirectory="779339cc-0881-4c92-bce3-758dcdc412e7" />
    <UnitTestResult executionId="3803f6bb-e01c-45e7-bd14-8bddf3ee8e3e" testId="42392983-a7e6-5a60-48b0-dc2c47ca5ed2" testName="Praxis.Tests.PluresDBTests+PraxisDBStoreTests.AppendEvent_ShouldAppendEvent" computerName="runnervmg1sw1" duration="00:00:00.0025894" startTime="2025-11-25T10:26:41.6937709+00:00" endTime="2025-11-25T10:26:41.6937710+00:00" testType="13cdc9d9-ddb5-4fa4-a97d-d965ccfc6d4b" outcome="Passed" testListId="8c84fa94-04c1-424b-9868-57a2d4851a1d" relativeResultsDirectory="3803f6bb-e01c-45e7-bd14-8bddf3ee8e3e" />
    <UnitTestResult executionId="bcffef74-29e3-48ec-88fc-59eef6ad79d8" testId="7d08fec7-57ba-fa4b-b307-18dad94d8c25" testName="Praxis.Tests.ProtocolTests.ProtocolVersion_ShouldBeOnePointZero" computerName="runnervmg1sw1" duration="00:00:00.0000980" startTime="2025-11-25T10:26:41.6623960+00:00" endTime="2025-11-25T10:26:41.6623960+00:00" testType="13cdc9d9-ddb5-4fa4-a97d-d965ccfc6d4b" outcome="Passed" testListId="8c84fa94-04c1-424b-9868-57a2d4851a1d" relativeResultsDirectory="bcffef74-29e3-48ec-88fc-59eef6ad79d8" />
    <UnitTestResult executionId="25dd116c-8ebb-48e5-ae63-4102e03f139e" testId="e7588fd0-f453-0ff2-acd2-f01d41f81cb3" testName="Praxis.Tests.PluresDBTests+PraxisDBStoreTests.AppendEvents_ShouldAppendMultipleEvents" computerName="runnervmg1sw1" duration="00:00:00.0073824" startTime="2025-11-25T10:26:41.6626239+00:00" endTime="2025-11-25T10:26:41.6626239+00:00" testType="13cdc9d9-ddb5-4fa4-a97d-d965ccfc6d4b" outcome="Passed" testListId="8c84fa94-04c1-424b-9868-57a2d4851a1d" relativeResultsDirectory="25dd116c-8ebb-48e5-ae63-4102e03f139e" />
    <UnitTestResult executionId="f86d8041-382f-4a80-bbae-9e7139f94b4a" testId="ceff1aaa-7ae3-3da9-ac76-502591529d52" testName="Praxis.Tests.IntrospectionTests.GetStats_ShouldReturnCorrectCounts" computerName="runnervmg1sw1" duration="00:00:00.0007448" startTime="2025-11-25T10:26:41.6137638+00:00" endTime="2025-11-25T10:26:41.6137638+00:00" testType="13cdc9d9-ddb5-4fa4-a97d-d965ccfc6d4b" outcome="Passed" testListId="8c84fa94-04c1-424b-9868-57a2d4851a1d" relativeResultsDirectory="f86d8041-382f-4a80-bbae-9e7139f94b4a" />
    <UnitTestResult executionId="06859bde-f6b1-44b3-baf4-9b8b7047bde4" testId="adc146ba-0ef2-a532-1e23-99bc014208b4" testName="Praxis.Tests.IntrospectionTests.GetConstraintInfo_ShouldReturnConstraintDetails" computerName="runnervmg1sw1" duration="00:00:00.0008966" startTime="2025-11-25T10:26:41.6554351+00:00" endTime="2025-11-25T10:26:41.6554352+00:00" testType="13cdc9d9-ddb5-4fa4-a97d-d965ccfc6d4b" outcome="Passed" testListId="8c84fa94-04c1-424b-9868-57a2d4851a1d" relativeResultsDirectory="06859bde-f6b1-44b3-baf4-9b8b7047bde4" />
    <UnitTestResult executionId="3ef7f15c-1858-4f9a-a74f-a9d24dd14374" testId="c091ad32-e86e-83d8-324f-80a23f978587" testName="Praxis.Tests.PluresDBTests+InMemoryPraxisDBTests.Clear_ShouldRemoveAllData" computerName="runnervmg1sw1" duration="00:00:00.0028405" startTime="2025-11-25T10:26:41.6646600+00:00" endTime="2025-11-25T10:26:41.6646601+00:00" testType="13cdc9d9-ddb5-4fa4-a97d-d965ccfc6d4b" outcome="Passed" testListId="8c84fa94-04c1-424b-9868-57a2d4851a1d" relativeResultsDirectory="3ef7f15c-1858-4f9a-a74f-a9d24dd14374" />
    <UnitTestResult executionId="8a7dae47-84b7-40e1-82db-e77410604a87" testId="145bf1b4-6417-950f-57ef-b4b5465a847d" testName="Praxis.Tests.ProtocolTests.PraxisDiagnostics_ShouldStoreKindAndMessage" computerName="runnervmg1sw1" duration="00:00:00.0001206" startTime="2025-11-25T10:26:41.6798710+00:00" endTime="2025-11-25T10:26:41.6798710+00:00" testType="13cdc9d9-ddb5-4fa4-a97d-d965ccfc6d4b" outcome="Passed" testListId="8c84fa94-04c1-424b-9868-57a2d4851a1d" relativeResultsDirectory="8a7dae47-84b7-40e1-82db-e77410604a87" />
    <UnitTestResult executionId="d13f6766-2fc4-4bcf-a236-d6260b32e302" testId="fb31284f-1c5e-9a53-500e-fd22bfd45ff0" testName="Praxis.Tests.RulesTests.PraxisRegistry_RegisterRule_ShouldAddRule" computerName="runnervmg1sw1" duration="00:00:00.0002743" startTime="2025-11-25T10:26:41.6632986+00:00" endTime="2025-11-25T10:26:41.6632987+00:00" testType="13cdc9d9-ddb5-4fa4-a97d-d965ccfc6d4b" outcome="Passed" testListId="8c84fa94-04c1-424b-9868-57a2d4851a1d" relativeResultsDirectory="d13f6766-2fc4-4bcf-a236-d6260b32e302" />
    <UnitTestResult executionId="bd04f7a4-806b-469d-a7e1-56ceae93c3cc" testId="5758e2f3-73f7-802c-84db-e55bed6244e5" testName="Praxis.Tests.PluresDBTests+InMemoryPraxisDBTests.Watch_ShouldNotifyOnChanges" computerName="runnervmg1sw1" duration="00:00:00.0112339" startTime="2025-11-25T10:26:41.6822222+00:00" endTime="2025-11-25T10:26:41.6822223+00:00" testType="13cdc9d9-ddb5-4fa4-a97d-d965ccfc6d4b" outcome="Passed" testListId="8c84fa94-04c1-424b-9868-57a2d4851a1d" relativeResultsDirectory="bd04f7a4-806b-469d-a7e1-56ceae93c3cc" />
    <UnitTestResult executionId="bab09194-fdef-4ecf-a94d-73a41344aa7b" testId="232d15e4-f21a-19a4-8398-fac334edafcf" testName="Praxis.Tests.IntrospectionTests.GenerateGraph_ShouldIncludeAllNodes" computerName="runnervmg1sw1" duration="00:00:00.0020047" startTime="2025-11-25T10:26:41.6552871+00:00" endTime="2025-11-25T10:26:41.6552872+00:00" testType="13cdc9d9-ddb5-4fa4-a97d-d965ccfc6d4b" outcome="Passed" testListId="8c84fa94-04c1-424b-9868-57a2d4851a1d" relativeResultsDirectory="bab09194-fdef-4ecf-a94d-73a41344aa7b" />
    <UnitTestResult executionId="e9d001f6-2e5f-4986-a15a-8b761cb0ca07" testId="71fecf18-b4ca-f62c-8f49-3568bf503b3a" testName="Praxis.Tests.EngineTests.LogicEngine_AddFacts_ShouldAddFactsDirectly" computerName="runnervmg1sw1" duration="00:00:00.0002673" startTime="2025-11-25T10:26:41.6617628+00:00" endTime="2025-11-25T10:26:41.6617628+00:00" testType="13cdc9d9-ddb5-4fa4-a97d-d965ccfc6d4b" outcome="Passed" testListId="8c84fa94-04c1-424b-9868-57a2d4851a1d" relativeResultsDirectory="e9d001f6-2e5f-4986-a15a-8b761cb0ca07" />
    <UnitTestResult executionId="922c1819-0f26-4756-84ae-873d9fd30fc8" testId="1601f9d6-e0a9-b808-8b64-c12d6784a796" testName="Praxis.Tests.IntrospectionTests.ExportMermaid_ShouldGenerateValidMermaidFormat" computerName="runnervmg1sw1" duration="00:00:00.0147303" startTime="2025-11-25T10:26:41.6580655+00:00" endTime="2025-11-25T10:26:41.6580656+00:00" testType="13cdc9d9-ddb5-4fa4-a97d-d965ccfc6d4b" outcome="Passed" testListId="8c84fa94-04c1-424b-9868-57a2d4851a1d" relativeResultsDirectory="922c1819-0f26-4756-84ae-873d9fd30fc8" />
    <UnitTestResult executionId="cc42253f-d896-4403-8a32-c4e24ad84462" testId="2b8d3c67-4452-8996-e96d-b10bd806fc6d" testName="Praxis.Tests.DslTests.FactDefinition_Is_ShouldMatchCorrectTag" computerName="runnervmg1sw1" duration="00:00:00.0001420" startTime="2025-11-25T10:26:41.6613180+00:00" endTime="2025-11-25T10:26:41.6613181+00:00" testType="13cdc9d9-ddb5-4fa4-a97d-d965ccfc6d4b" outcome="Passed" testListId="8c84fa94-04c1-424b-9868-57a2d4851a1d" relativeResultsDirectory="cc42253f-d896-4403-8a32-c4e24ad84462" />
    <UnitTestResult executionId="52f95d0c-2021-40f6-aedf-a61d3345637e" testId="923f3bfe-c093-fdb9-e7f2-32279b0d8f4e" testName="Praxis.Tests.PluresDBTests+RulesTriggingTests.AppendEvent_ShouldTriggerRules" computerName="runnervmg1sw1" duration="00:00:00.0156532" startTime="2025-11-25T10:26:41.6624823+00:00" endTime="2025-11-25T10:26:41.6624824+00:00" testType="13cdc9d9-ddb5-4fa4-a97d-d965ccfc6d4b" outcome="Passed" testListId="8c84fa94-04c1-424b-9868-57a2d4851a1d" relativeResultsDirectory="52f95d0c-2021-40f6-aedf-a61d3345637e" />
    <UnitTestResult executionId="f08eef22-25fb-4da7-8987-90762fd12027" testId="e9439cc8-8179-c067-0725-4c5647196f1d" testName="Praxis.Tests.RulesTests.PraxisRegistry_GetAllConstraints_ShouldReturnAllRegisteredConstraints" computerName="runnervmg1sw1" duration="00:00:00.0003414" startTime="2025-11-25T10:26:41.6649045+00:00" endTime="2025-11-25T10:26:41.6649045+00:00" testType="13cdc9d9-ddb5-4fa4-a97d-d965ccfc6d4b" outcome="Passed" testListId="8c84fa94-04c1-424b-9868-57a2d4851a1d" relativeResultsDirectory="f08eef22-25fb-4da7-8987-90762fd12027" />
    <UnitTestResult executionId="e31b2d06-a994-4bf3-a9c4-9fc56858b0ef" testId="8b460235-6fdf-045e-9397-123b6388adbb" testName="Praxis.Tests.ProtocolTests.PraxisState_WithFacts_ShouldCreateNewStateWithAddedFacts" computerName="runnervmg1sw1" duration="00:00:00.0002178" startTime="2025-11-25T10:26:41.6796385+00:00" endTime="2025-11-25T10:26:41.6796386+00:00" testType="13cdc9d9-ddb5-4fa4-a97d-d965ccfc6d4b" outcome="Passed" testListId="8c84fa94-04c1-424b-9868-57a2d4851a1d" relativeResultsDirectory="e31b2d06-a994-4bf3-a9c4-9fc56858b0ef" />
    <UnitTestResult executionId="347277f0-1c79-4eaa-a4b5-ce22d120e5d4" testId="7cf462ca-65c2-1398-40e1-9255ed145ec6" testName="Praxis.Tests.DslTests.DefineEvent_ShouldCreateEventDefinition" computerName="runnervmg1sw1" duration="00:00:00.0001015" startTime="2025-11-25T10:26:41.6611320+00:00" endTime="2025-11-25T10:26:41.6611321+00:00" testType="13cdc9d9-ddb5-4fa4-a97d-d965ccfc6d4b" outcome="Passed" testListId="8c84fa94-04c1-424b-9868-57a2d4851a1d" relativeResultsDirectory="347277f0-1c79-4eaa-a4b5-ce22d120e5d4" />
    <UnitTestResult executionId="58ad373f-a37c-46cb-8d10-9a2b76b895cf" testId="ec3c699c-81c3-13ed-5c79-920ddee83c7f" testName="Praxis.Tests.PluresDBTests+PathGeneratorTests.GetEventPath_ShouldGenerateCorrectPaths" computerName="runnervmg1sw1" duration="00:00:00.0001087" startTime="2025-11-25T10:26:41.6638692+00:00" endTime="2025-11-25T10:26:41.6638693+00:00" testType="13cdc9d9-ddb5-4fa4-a97d-d965ccfc6d4b" outcome="Passed" testListId="8c84fa94-04c1-424b-9868-57a2d4851a1d" relativeResultsDirectory="58ad373f-a37c-46cb-8d10-9a2b76b895cf" />
    <UnitTestResult executionId="5957498e-5d09-4dd9-b582-ecbad4a91ba6" testId="bc82685d-4879-1926-0457-65c22f8fd90f" testName="Praxis.Tests.PluresDBTests+PathGeneratorTests.GetFactPath_ShouldGenerateCorrectPaths" computerName="runnervmg1sw1" duration="00:00:00.0001448" startTime="2025-11-25T10:26:41.6636028+00:00" endTime="2025-11-25T10:26:41.6636029+00:00" testType="13cdc9d9-ddb5-4fa4-a97d-d965ccfc6d4b" outcome="Passed" testListId="8c84fa94-04c1-424b-9868-57a2d4851a1d" relativeResultsDirectory="5957498e-5d09-4dd9-b582-ecbad4a91ba6" />
    <UnitTestResult executionId="03b68beb-41fe-4282-8cdf-e3452a768d06" testId="c3f3cfa0-b4c2-ecd5-d4dc-e0b05027b31d" testName="Praxis.Tests.RulesTests.ConstraintResult_ImplicitBoolConversion_ShouldWork" computerName="runnervmg1sw1" duration="00:00:00.0001617" startTime="2025-11-25T10:26:41.6633885+00:00" endTime="2025-11-25T10:26:41.6633886+00:00" testType="13cdc9d9-ddb5-4fa4-a97d-d965ccfc6d4b" outcome="Passed" testListId="8c84fa94-04c1-424b-9868-57a2d4851a1d" relativeResultsDirectory="03b68beb-41fe-4282-8cdf-e3452a768d06" />
    <UnitTestResult executionId="41cdfa80-51b6-4bfd-831f-430b6e5d35b5" testId="f00ae9b1-f0fc-498c-aa68-387bd765f450" testName="Praxis.Tests.DslTests.DefineRule_ShouldCreateRuleDescriptor" computerName="runnervmg1sw1" duration="00:00:00.0005578" startTime="2025-11-25T10:26:41.6551967+00:00" endTime="2025-11-25T10:26:41.6551969+00:00" testType="13cdc9d9-ddb5-4fa4-a97d-d965ccfc6d4b" outcome="Passed" testListId="8c84fa94-04c1-424b-9868-57a2d4851a1d" relativeResultsDirectory="41cdfa80-51b6-4bfd-831f-430b6e5d35b5" />
    <UnitTestResult executionId="b7809500-a91e-40bf-b044-86465b09239c" testId="e1e71c99-67c8-cd3e-786d-1d00f9b4689f" testName="Praxis.Tests.DslTests.FindFact_ShouldFindFirstMatchingFact" computerName="runnervmg1sw1" duration="00:00:00.0005044" startTime="2025-11-25T10:26:41.6602098+00:00" endTime="2025-11-25T10:26:41.6602099+00:00" testType="13cdc9d9-ddb5-4fa4-a97d-d965ccfc6d4b" outcome="Passed" testListId="8c84fa94-04c1-424b-9868-57a2d4851a1d" relativeResultsDirectory="b7809500-a91e-40bf-b044-86465b09239c" />
    <UnitTestResult executionId="49aff58e-602b-4c0d-8030-c5071108a3ba" testId="7248300d-61f5-5633-6cd4-b492bb14ae83" testName="Praxis.Tests.PluresDBTests+PraxisDBStoreTests.Dispose_ShouldNotThrow" computerName="runnervmg1sw1" duration="00:00:00.0002854" startTime="2025-11-25T10:26:41.6907240+00:00" endTime="2025-11-25T10:26:41.6907241+00:00" testType="13cdc9d9-ddb5-4fa4-a97d-d965ccfc6d4b" outcome="Passed" testListId="8c84fa94-04c1-424b-9868-57a2d4851a1d" relativeResultsDirectory="49aff58e-602b-4c0d-8030-c5071108a3ba" />
    <UnitTestResult executionId="78de48ca-d229-44aa-b710-26fa7d7e171d" testId="b6b77290-872c-97e9-bbf0-480478a4cbe4" testName="Praxis.Tests.EngineTests.LogicEngine_Step_ShouldReportMissingRules" computerName="runnervmg1sw1" duration="00:00:00.0018384" startTime="2025-11-25T10:26:41.6592485+00:00" endTime="2025-11-25T10:26:41.6592486+00:00" testType="13cdc9d9-ddb5-4fa4-a97d-d965ccfc6d4b" outcome="Passed" testListId="8c84fa94-04c1-424b-9868-57a2d4851a1d" relativeResultsDirectory="78de48ca-d229-44aa-b710-26fa7d7e171d" />
    <UnitTestResult executionId="fc54bd05-8323-49a8-bf1b-b291e95f1caf" testId="56eeef17-13e1-6fbe-f250-cc07f0e0c873" testName="Praxis.Tests.DslTests.DefineFact_ShouldCreateFactDefinition" computerName="runnervmg1sw1" duration="00:00:00.0000921" startTime="2025-11-25T10:26:41.6614850+00:00" endTime="2025-11-25T10:26:41.6614851+00:00" testType="13cdc9d9-ddb5-4fa4-a97d-d965ccfc6d4b" outcome="Passed" testListId="8c84fa94-04c1-424b-9868-57a2d4851a1d" relativeResultsDirectory="fc54bd05-8323-49a8-bf1b-b291e95f1caf" />
    <UnitTestResult executionId="ff31a35e-cce8-440d-8d9c-51af0bce2f26" testId="f7d975ca-e61e-0aac-a26c-475fe65145c9" testName="Praxis.Tests.PluresDBTests+PraxisDBStoreTests.StoreFacts_ShouldStoreMultipleFacts" computerName="runnervmg1sw1" duration="00:00:00.0013215" startTime="2025-11-25T10:26:41.6964783+00:00" endTime="2025-11-25T10:26:41.6964785+00:00" testType="13cdc9d9-ddb5-4fa4-a97d-d965ccfc6d4b" outcome="Passed" testListId="8c84fa94-04c1-424b-9868-57a2d4851a1d" relativeResultsDirectory="ff31a35e-cce8-440d-8d9c-51af0bce2f26" />
    <UnitTestResult executionId="be5d22eb-8a0d-43c5-85a3-59664cfb6969" testId="aa9a5250-d279-fa0e-fa3f-95697552f9e3" testName="Praxis.Tests.ProtocolTests.PraxisFact_GetPayload_ShouldDeserializePayload" computerName="runnervmg1sw1" duration="00:00:00.0013533" startTime="2025-11-25T10:26:41.6829339+00:00" endTime="2025-11-25T10:26:41.6829340+00:00" testType="13cdc9d9-ddb5-4fa4-a97d-d965ccfc6d4b" outcome="Passed" testListId="8c84fa94-04c1-424b-9868-57a2d4851a1d" relativeResultsDirectory="be5d22eb-8a0d-43c5-85a3-59664cfb6969" />
    <UnitTestResult executionId="7b534b22-4755-4563-bc33-35211081b316" testId="78d6d191-5f09-980c-cc8e-d468b0513029" testName="Praxis.Tests.RulesTests.PraxisRegistry_RegisterModule_ShouldAddAllRulesAndConstraints" computerName="runnervmg1sw1" duration="00:00:00.0042889" startTime="2025-11-25T10:26:41.6684231+00:00" endTime="2025-11-25T10:26:41.6684232+00:00" testType="13cdc9d9-ddb5-4fa4-a97d-d965ccfc6d4b" outcome="Passed" testListId="8c84fa94-04c1-424b-9868-57a2d4851a1d" relativeResultsDirectory="7b534b22-4755-4563-bc33-35211081b316" />
    <UnitTestResult executionId="589b2d0a-7168-420e-ac48-81a404f0a171" testId="deb82fab-219b-3d34-e8da-510861e1139f" testName="Praxis.Tests.PluresDBTests+PraxisSchemaRegistryTests.Exists_ShouldCheckIfSchemaExists" computerName="runnervmg1sw1" duration="00:00:00.0025287" startTime="2025-11-25T10:26:41.6135071+00:00" endTime="2025-11-25T10:26:41.6135072+00:00" testType="13cdc9d9-ddb5-4fa4-a97d-d965ccfc6d4b" outcome="Passed" testListId="8c84fa94-04c1-424b-9868-57a2d4851a1d" relativeResultsDirectory="589b2d0a-7168-420e-ac48-81a404f0a171" />
    <UnitTestResult executionId="5c9faea1-67ae-4487-a430-e9c6aa22afef" testId="b9389fad-c694-5ed8-8b03-fb12d2fb82c6" testName="Praxis.Tests.PluresDBTests+PraxisDBStoreTests.GetEvents_ShouldLimitResults" computerName="runnervmg1sw1" duration="00:00:00.0010977" startTime="2025-11-25T10:26:41.6976322+00:00" endTime="2025-11-25T10:26:41.6976323+00:00" testType="13cdc9d9-ddb5-4fa4-a97d-d965ccfc6d4b" outcome="Passed" testListId="8c84fa94-04c1-424b-9868-57a2d4851a1d" relativeResultsDirectory="5c9faea1-67ae-4487-a430-e9c6aa22afef" />
    <UnitTestResult executionId="5e07ddc4-27c8-4468-b925-aabda222565b" testId="4d6980c0-fe8c-b9bc-2b81-89503ada4490" testName="Praxis.Tests.IntrospectionTests.GetConstraintInfo_ShouldReturnNullForUnknownId" computerName="runnervmg1sw1" duration="00:00:00.0001815" startTime="2025-11-25T10:26:41.6578303+00:00" endTime="2025-11-25T10:26:41.6578304+00:00" testType="13cdc9d9-ddb5-4fa4-a97d-d965ccfc6d4b" outcome="Passed" testListId="8c84fa94-04c1-424b-9868-57a2d4851a1d" relativeResultsDirectory="5e07ddc4-27c8-4468-b925-aabda222565b" />
    <UnitTestResult executionId="96abf94e-0ce6-4837-8f50-b5a601c97be1" testId="2241b0c7-2de4-ae3c-f3df-b43eccfe5b88" testName="Praxis.Tests.DslTests.FindFact_ShouldReturnNullIfNotFound" computerName="runnervmg1sw1" duration="00:00:00.0001772" startTime="2025-11-25T10:26:41.6603700+00:00" endTime="2025-11-25T10:26:41.6603701+00:00" testType="13cdc9d9-ddb5-4fa4-a97d-d965ccfc6d4b" outcome="Passed" testListId="8c84fa94-04c1-424b-9868-57a2d4851a1d" relativeResultsDirectory="96abf94e-0ce6-4837-8f50-b5a601c97be1" />
    <UnitTestResult executionId="c078b436-0272-46e5-adf3-a390ebf19d6f" testId="e3b3c1d5-91e3-0a8b-8c25-fa680da80e5f" testName="Praxis.Tests.PluresDBTests+InMemoryPraxisDBTests.Keys_ShouldListAllKeys" computerName="runnervmg1sw1" duration="00:00:00.0015106" startTime="2025-11-25T10:26:41.6833693+00:00" endTime="2025-11-25T10:26:41.6833694+00:00" testType="13cdc9d9-ddb5-4fa4-a97d-d965ccfc6d4b" outcome="Passed" testListId="8c84fa94-04c1-424b-9868-57a2d4851a1d" relativeResultsDirectory="c078b436-0272-46e5-adf3-a390ebf19d6f" />
    <UnitTestResult executionId="deec4d8b-9216-4c75-9316-4a8d092f79e9" testId="dc2f055a-d3d1-82b9-23f8-cdc865a1813c" testName="Praxis.Tests.IntrospectionTests.GetRuleInfo_ShouldReturnRuleDetails" computerName="runnervmg1sw1" duration="00:00:00.0005349" startTime="2025-11-25T10:26:41.6555099+00:00" endTime="2025-11-25T10:26:41.6555100+00:00" testType="13cdc9d9-ddb5-4fa4-a97d-d965ccfc6d4b" outcome="Passed" testListId="8c84fa94-04c1-424b-9868-57a2d4851a1d" relativeResultsDirectory="deec4d8b-9216-4c75-9316-4a8d092f79e9" />
    <UnitTestResult executionId="5cfaaf3f-6a7a-4f6b-a5c1-b87014cc055c" testId="6bece765-6736-613d-2af9-2f7040e700e2" testName="Praxis.Tests.EngineTests.LogicEngine_Step_ShouldCheckConstraints" computerName="runnervmg1sw1" duration="00:00:00.0384587" startTime="2025-11-25T10:26:41.6579154+00:00" endTime="2025-11-25T10:26:41.6579155+00:00" testType="13cdc9d9-ddb5-4fa4-a97d-d965ccfc6d4b" outcome="Passed" testListId="8c84fa94-04c1-424b-9868-57a2d4851a1d" relativeResultsDirectory="5cfaaf3f-6a7a-4f6b-a5c1-b87014cc055c" />
    <UnitTestResult executionId="31b52600-d232-4e0a-8d7e-9654fd902298" testId="d27c654c-1b1e-3a30-4748-8f302535a34c" testName="Praxis.Tests.EngineTests.LogicEngine_GetState_ShouldReturnImmutableState" computerName="runnervmg1sw1" duration="00:00:00.0007429" startTime="2025-11-25T10:26:41.6601309+00:00" endTime="2025-11-25T10:26:41.6601310+00:00" testType="13cdc9d9-ddb5-4fa4-a97d-d965ccfc6d4b" outcome="Passed" testListId="8c84fa94-04c1-424b-9868-57a2d4851a1d" relativeResultsDirectory="31b52600-d232-4e0a-8d7e-9654fd902298" />
    <UnitTestResult executionId="1ac16ffc-943a-46a7-b6a8-59c45ed9b128" testId="585d10dc-89d9-6152-8dd5-eb844698e5c8" testName="Praxis.Tests.ProtocolTests.PraxisState_Create_ShouldCreateStateWithContext" computerName="runnervmg1sw1" duration="00:00:00.0003352" startTime="2025-11-25T10:26:41.6799428+00:00" endTime="2025-11-25T10:26:41.6799428+00:00" testType="13cdc9d9-ddb5-4fa4-a97d-d965ccfc6d4b" outcome="Passed" testListId="8c84fa94-04c1-424b-9868-57a2d4851a1d" relativeResultsDirectory="1ac16ffc-943a-46a7-b6a8-59c45ed9b128" />
    <UnitTestResult executionId="3a7868f8-35da-4bfc-aaf5-29f54bf16f83" testId="83f8126a-ddb7-fbe3-03dc-5bc776ab3f6d" testName="Praxis.Tests.RulesTests.PraxisRegistry_GetConstraint_ShouldReturnNullForUnknownId" computerName="runnervmg1sw1" duration="00:00:00.0001009" startTime="2025-11-25T10:26:41.6644896+00:00" endTime="2025-11-25T10:26:41.6644897+00:00" testType="13cdc9d9-ddb5-4fa4-a97d-d965ccfc6d4b" outcome="Passed" testListId="8c84fa94-04c1-424b-9868-57a2d4851a1d" relativeResultsDirectory="3a7868f8-35da-4bfc-aaf5-29f54bf16f83" />
    <UnitTestResult executionId="4cf71be3-5978-4aab-97cd-a3810d032f36" testId="3553cf45-63f0-9dbb-9e3f-8358a0d190bc" testName="Praxis.Tests.ProtocolTests.PraxisEvent_Create_ShouldCreateEventWithPayload" computerName="runnervmg1sw1" duration="00:00:00.0044020" startTime="2025-11-25T10:26:41.6623179+00:00" endTime="2025-11-25T10:26:41.6623180+00:00" testType="13cdc9d9-ddb5-4fa4-a97d-d965ccfc6d4b" outcome="Passed" testListId="8c84fa94-04c1-424b-9868-57a2d4851a1d" relativeResultsDirectory="4cf71be3-5978-4aab-97cd-a3810d032f36" />
    <UnitTestResult executionId="a78d3a87-1e7a-4ca9-98a5-8f0e670d6e7d" testId="affce8dc-34e3-4862-d483-60c1fa3bd878" testName="Praxis.Tests.RulesTests.PraxisRegistry_RegisterConstraint_ShouldThrowOnDuplicate" computerName="runnervmg1sw1" duration="00:00:00.0012104" startTime="2025-11-25T10:26:41.6698844+00:00" endTime="2025-11-25T10:26:41.6698845+00:00" testType="13cdc9d9-ddb5-4fa4-a97d-d965ccfc6d4b" outcome="Passed" testListId="8c84fa94-04c1-424b-9868-57a2d4851a1d" relativeResultsDirectory="a78d3a87-1e7a-4ca9-98a5-8f0e670d6e7d" />
    <UnitTestResult executionId="b8b7ffb3-8dd2-4061-b926-c2492df5c166" testId="769c4806-419d-7bd0-278d-73509ec4b3ae" testName="Praxis.Tests.IntrospectionTests.SearchRules_ShouldFindMatchingRules" computerName="runnervmg1sw1" duration="00:00:00.0006309" startTime="2025-11-25T10:26:41.6589839+00:00" endTime="2025-11-25T10:26:41.6589840+00:00" testType="13cdc9d9-ddb5-4fa4-a97d-d965ccfc6d4b" outcome="Passed" testListId="8c84fa94-04c1-424b-9868-57a2d4851a1d" relativeResultsDirectory="b8b7ffb3-8dd2-4061-b926-c2492df5c166" />
    <UnitTestResult executionId="67aae2ab-35ae-4f3f-9563-d0c2008ad2a6" testId="a291fe36-eb29-b0d8-2c63-535c493ce234" testName="Praxis.Tests.PluresDBTests+PraxisDBStoreTests.Context_ShouldUpdateAndGetContext" computerName="runnervmg1sw1" duration="00:00:00.0003284" startTime="2025-11-25T10:26:41.6911113+00:00" endTime="2025-11-25T10:26:41.6911114+00:00" testType="13cdc9d9-ddb5-4fa4-a97d-d965ccfc6d4b" outcome="Passed" testListId="8c84fa94-04c1-424b-9868-57a2d4851a1d" relativeResultsDirectory="67aae2ab-35ae-4f3f-9563-d0c2008ad2a6" />
    <UnitTestResult executionId="9e9e782e-c345-4800-830c-aa64cc4b3825" testId="ba1dca1e-fba3-c556-d574-2962c171af3a" testName="Praxis.Tests.PluresDBTests+PraxisDBStoreTests.GetEvents_ShouldFilterByTimestamp" computerName="runnervmg1sw1" duration="00:00:00.0216971" startTime="2025-11-25T10:26:41.6830050+00:00" endTime="2025-11-25T10:26:41.6830050+00:00" testType="13cdc9d9-ddb5-4fa4-a97d-d965ccfc6d4b" outcome="Passed" testListId="8c84fa94-04c1-424b-9868-57a2d4851a1d" relativeResultsDirectory="9e9e782e-c345-4800-830c-aa64cc4b3825" />
    <UnitTestResult executionId="bf44ccd3-8d21-44e6-8a34-9abb2f289c5d" testId="ead14aa8-9102-f820-04ce-68f11eef3af6" testName="Praxis.Tests.IntrospectionTests.GenerateSchema_ShouldIncludeAllRulesAndConstraints" computerName="runnervmg1sw1" duration="00:00:00.0039803" startTime="2025-11-25T10:26:41.6550594+00:00" endTime="2025-11-25T10:26:41.6550594+00:00" testType="13cdc9d9-ddb5-4fa4-a97d-d965ccfc6d4b" outcome="Passed" testListId="8c84fa94-04c1-424b-9868-57a2d4851a1d" relativeResultsDirectory="bf44ccd3-8d21-44e6-8a34-9abb2f289c5d" />
  </Results>
  <TestDefinitions>
    <UnitTest name="Praxis.Tests.PluresDBTests+PathGeneratorTests.GetSchemaPath_ShouldGenerateCorrectPaths" storage="/home/runner/work/praxis/praxis/csharp/praxis.tests/bin/debug/net8.0/praxis.tests.dll" id="32bf1b1d-d422-7002-c2af-1f96af47dd46">
      <Execution id="57fdc25e-66ed-45cb-a2b4-78c3b888e229" />
      <TestMethod codeBase="/home/runner/work/praxis/praxis/csharp/Praxis.Tests/bin/Debug/net8.0/Praxis.Tests.dll" adapterTypeName="executor://xunit/VsTestRunner2/netcoreapp" className="Praxis.Tests.PluresDBTests+PathGeneratorTests" name="GetSchemaPath_ShouldGenerateCorrectPaths" />
    </UnitTest>
    <UnitTest name="Praxis.Tests.DslTests.FactDefinition_Create_ShouldCreateFactWithPayload" storage="/home/runner/work/praxis/praxis/csharp/praxis.tests/bin/debug/net8.0/praxis.tests.dll" id="df4448e5-f3b9-008c-446a-fe23915dc29b">
      <Execution id="27c47717-0b02-477c-b074-a5a28b31ec43" />
      <TestMethod codeBase="/home/runner/work/praxis/praxis/csharp/Praxis.Tests/bin/Debug/net8.0/Praxis.Tests.dll" adapterTypeName="executor://xunit/VsTestRunner2/netcoreapp" className="Praxis.Tests.DslTests" name="FactDefinition_Create_ShouldCreateFactWithPayload" />
    </UnitTest>
    <UnitTest name="Praxis.Tests.PluresDBTests+RulesTriggingTests.AppendEvent_ShouldTriggerRules" storage="/home/runner/work/praxis/praxis/csharp/praxis.tests/bin/debug/net8.0/praxis.tests.dll" id="923f3bfe-c093-fdb9-e7f2-32279b0d8f4e">
      <Execution id="52f95d0c-2021-40f6-aedf-a61d3345637e" />
      <TestMethod codeBase="/home/runner/work/praxis/praxis/csharp/Praxis.Tests/bin/Debug/net8.0/Praxis.Tests.dll" adapterTypeName="executor://xunit/VsTestRunner2/netcoreapp" className="Praxis.Tests.PluresDBTests+RulesTriggingTests" name="AppendEvent_ShouldTriggerRules" />
    </UnitTest>
    <UnitTest name="Praxis.Tests.PluresDBTests+PraxisDBStoreTests.StoreFact_ShouldRejectViolatingConstraints" storage="/home/runner/work/praxis/praxis/csharp/praxis.tests/bin/debug/net8.0/praxis.tests.dll" id="b0b18344-b151-386c-579f-9b38e4d145db">
      <Execution id="60d952a2-39ef-40cc-a5ad-bfe9f576e028" />
      <TestMethod codeBase="/home/runner/work/praxis/praxis/csharp/Praxis.Tests/bin/Debug/net8.0/Praxis.Tests.dll" adapterTypeName="executor://xunit/VsTestRunner2/netcoreapp" className="Praxis.Tests.PluresDBTests+PraxisDBStoreTests" name="StoreFact_ShouldRejectViolatingConstraints" />
    </UnitTest>
    <UnitTest name="Praxis.Tests.IntrospectionTests.SearchRules_ShouldBeCaseInsensitive" storage="/home/runner/work/praxis/praxis/csharp/praxis.tests/bin/debug/net8.0/praxis.tests.dll" id="9bf025da-bc05-61f7-81a2-6dc9aaf3bc59">
      <Execution id="dba86d2f-c40c-4dbd-b561-5f380a618c6c" />
      <TestMethod codeBase="/home/runner/work/praxis/praxis/csharp/Praxis.Tests/bin/Debug/net8.0/Praxis.Tests.dll" adapterTypeName="executor://xunit/VsTestRunner2/netcoreapp" className="Praxis.Tests.IntrospectionTests" name="SearchRules_ShouldBeCaseInsensitive" />
    </UnitTest>
    <UnitTest name="Praxis.Tests.RulesTests.PraxisRegistry_GetAllConstraints_ShouldReturnAllRegisteredConstraints" storage="/home/runner/work/praxis/praxis/csharp/praxis.tests/bin/debug/net8.0/praxis.tests.dll" id="e9439cc8-8179-c067-0725-4c5647196f1d">
      <Execution id="f08eef22-25fb-4da7-8987-90762fd12027" />
      <TestMethod codeBase="/home/runner/work/praxis/praxis/csharp/Praxis.Tests/bin/Debug/net8.0/Praxis.Tests.dll" adapterTypeName="executor://xunit/VsTestRunner2/netcoreapp" className="Praxis.Tests.RulesTests" name="PraxisRegistry_GetAllConstraints_ShouldReturnAllRegisteredConstraints" />
    </UnitTest>
    <UnitTest name="Praxis.Tests.PluresDBTests+PraxisDBStoreTests.AppendEvents_ShouldAppendMultipleEvents" storage="/home/runner/work/praxis/praxis/csharp/praxis.tests/bin/debug/net8.0/praxis.tests.dll" id="e7588fd0-f453-0ff2-acd2-f01d41f81cb3">
      <Execution id="25dd116c-8ebb-48e5-ae63-4102e03f139e" />
      <TestMethod codeBase="/home/runner/work/praxis/praxis/csharp/Praxis.Tests/bin/Debug/net8.0/Praxis.Tests.dll" adapterTypeName="executor://xunit/VsTestRunner2/netcoreapp" className="Praxis.Tests.PluresDBTests+PraxisDBStoreTests" name="AppendEvents_ShouldAppendMultipleEvents" />
    </UnitTest>
    <UnitTest name="Praxis.Tests.PluresDBTests+InMemoryPraxisDBTests.GetAsync_ShouldReturnNullForMissingKeys" storage="/home/runner/work/praxis/praxis/csharp/praxis.tests/bin/debug/net8.0/praxis.tests.dll" id="d80ec2c2-0fd1-cdd9-e8b9-ffc3b43dba62">
      <Execution id="3b9c0e4c-553b-48d5-8dbb-2828e9f65d29" />
      <TestMethod codeBase="/home/runner/work/praxis/praxis/csharp/Praxis.Tests/bin/Debug/net8.0/Praxis.Tests.dll" adapterTypeName="executor://xunit/VsTestRunner2/netcoreapp" className="Praxis.Tests.PluresDBTests+InMemoryPraxisDBTests" name="GetAsync_ShouldReturnNullForMissingKeys" />
    </UnitTest>
    <UnitTest name="Praxis.Tests.RulesTests.PraxisRegistry_GetRule_ShouldReturnNullForUnknownId" storage="/home/runner/work/praxis/praxis/csharp/praxis.tests/bin/debug/net8.0/praxis.tests.dll" id="1b4748cc-d8cc-691e-a0a1-20462b544269">
      <Execution id="a4371a68-3c03-4abf-900e-0a6207da2b7e" />
      <TestMethod codeBase="/home/runner/work/praxis/praxis/csharp/Praxis.Tests/bin/Debug/net8.0/Praxis.Tests.dll" adapterTypeName="executor://xunit/VsTestRunner2/netcoreapp" className="Praxis.Tests.RulesTests" name="PraxisRegistry_GetRule_ShouldReturnNullForUnknownId" />
    </UnitTest>
    <UnitTest name="Praxis.Tests.IntrospectionTests.ExportDot_ShouldGenerateValidDotFormat" storage="/home/runner/work/praxis/praxis/csharp/praxis.tests/bin/debug/net8.0/praxis.tests.dll" id="046a40fb-ad6d-718b-bfc4-87a81f7154d0">
      <Execution id="31b3d707-317f-4e1d-a2ec-7f862cfb6c84" />
      <TestMethod codeBase="/home/runner/work/praxis/praxis/csharp/Praxis.Tests/bin/Debug/net8.0/Praxis.Tests.dll" adapterTypeName="executor://xunit/VsTestRunner2/netcoreapp" className="Praxis.Tests.IntrospectionTests" name="ExportDot_ShouldGenerateValidDotFormat" />
    </UnitTest>
    <UnitTest name="Praxis.Tests.PluresDBTests+PraxisSchemaRegistryTests.Register_ShouldRegisterSchema" storage="/home/runner/work/praxis/praxis/csharp/praxis.tests/bin/debug/net8.0/praxis.tests.dll" id="3b9c9c80-7f58-4f5d-dc69-ad1e871959ab">
      <Execution id="2b583966-9f85-4b7e-8d22-bdec10162105" />
      <TestMethod codeBase="/home/runner/work/praxis/praxis/csharp/Praxis.Tests/bin/Debug/net8.0/Praxis.Tests.dll" adapterTypeName="executor://xunit/VsTestRunner2/netcoreapp" className="Praxis.Tests.PluresDBTests+PraxisSchemaRegistryTests" name="Register_ShouldRegisterSchema" />
    </UnitTest>
    <UnitTest name="Praxis.Tests.ProtocolTests.PraxisState_GetContext_ShouldDeserializeContext" storage="/home/runner/work/praxis/praxis/csharp/praxis.tests/bin/debug/net8.0/praxis.tests.dll" id="bff68b5b-ed41-2d0e-a5a7-a238234b65c9">
      <Execution id="5efc0f2b-07a6-456d-87be-0149b9e24d23" />
      <TestMethod codeBase="/home/runner/work/praxis/praxis/csharp/Praxis.Tests/bin/Debug/net8.0/Praxis.Tests.dll" adapterTypeName="executor://xunit/VsTestRunner2/netcoreapp" className="Praxis.Tests.ProtocolTests" name="PraxisState_GetContext_ShouldDeserializeContext" />
    </UnitTest>
    <UnitTest name="Praxis.Tests.ProtocolTests.ProtocolVersion_ShouldBeOnePointZero" storage="/home/runner/work/praxis/praxis/csharp/praxis.tests/bin/debug/net8.0/praxis.tests.dll" id="7d08fec7-57ba-fa4b-b307-18dad94d8c25">
      <Execution id="bcffef74-29e3-48ec-88fc-59eef6ad79d8" />
      <TestMethod codeBase="/home/runner/work/praxis/praxis/csharp/Praxis.Tests/bin/Debug/net8.0/Praxis.Tests.dll" adapterTypeName="executor://xunit/VsTestRunner2/netcoreapp" className="Praxis.Tests.ProtocolTests" name="ProtocolVersion_ShouldBeOnePointZero" />
    </UnitTest>
    <UnitTest name="Praxis.Tests.ProtocolTests.Protocol_ShouldSerializeToJson" storage="/home/runner/work/praxis/praxis/csharp/praxis.tests/bin/debug/net8.0/praxis.tests.dll" id="49b81bbc-4dfa-14ae-17b7-9d2f3daf0e2c">
      <Execution id="f6df1d27-3aa2-47af-8bf6-b56c6f9ea4f3" />
      <TestMethod codeBase="/home/runner/work/praxis/praxis/csharp/Praxis.Tests/bin/Debug/net8.0/Praxis.Tests.dll" adapterTypeName="executor://xunit/VsTestRunner2/netcoreapp" className="Praxis.Tests.ProtocolTests" name="Protocol_ShouldSerializeToJson" />
    </UnitTest>
    <UnitTest name="Praxis.Tests.PluresDBTests+InMemoryPraxisDBTests.Keys_ShouldListAllKeys" storage="/home/runner/work/praxis/praxis/csharp/praxis.tests/bin/debug/net8.0/praxis.tests.dll" id="e3b3c1d5-91e3-0a8b-8c25-fa680da80e5f">
      <Execution id="c078b436-0272-46e5-adf3-a390ebf19d6f" />
      <TestMethod codeBase="/home/runner/work/praxis/praxis/csharp/Praxis.Tests/bin/Debug/net8.0/Praxis.Tests.dll" adapterTypeName="executor://xunit/VsTestRunner2/netcoreapp" className="Praxis.Tests.PluresDBTests+InMemoryPraxisDBTests" name="Keys_ShouldListAllKeys" />
    </UnitTest>
    <UnitTest name="Praxis.Tests.ProtocolTests.PraxisFact_Create_ShouldCreateFactWithPayload" storage="/home/runner/work/praxis/praxis/csharp/praxis.tests/bin/debug/net8.0/praxis.tests.dll" id="acbfcd2a-02e1-5d97-fdee-42a8e29609a9">
      <Execution id="d1aa62a5-f3a5-4695-bc86-59fe93dbb9e5" />
      <TestMethod codeBase="/home/runner/work/praxis/praxis/csharp/Praxis.Tests/bin/Debug/net8.0/Praxis.Tests.dll" adapterTypeName="executor://xunit/VsTestRunner2/netcoreapp" className="Praxis.Tests.ProtocolTests" name="PraxisFact_Create_ShouldCreateFactWithPayload" />
    </UnitTest>
    <UnitTest name="Praxis.Tests.ProtocolTests.PraxisEvent_Create_ShouldCreateEventWithPayload" storage="/home/runner/work/praxis/praxis/csharp/praxis.tests/bin/debug/net8.0/praxis.tests.dll" id="3553cf45-63f0-9dbb-9e3f-8358a0d190bc">
      <Execution id="4cf71be3-5978-4aab-97cd-a3810d032f36" />
      <TestMethod codeBase="/home/runner/work/praxis/praxis/csharp/Praxis.Tests/bin/Debug/net8.0/Praxis.Tests.dll" adapterTypeName="executor://xunit/VsTestRunner2/netcoreapp" className="Praxis.Tests.ProtocolTests" name="PraxisEvent_Create_ShouldCreateEventWithPayload" />
    </UnitTest>
    <UnitTest name="Praxis.Tests.ProtocolTests.PraxisState_WithFacts_ShouldCreateNewStateWithAddedFacts" storage="/home/runner/work/praxis/praxis/csharp/praxis.tests/bin/debug/net8.0/praxis.tests.dll" id="8b460235-6fdf-045e-9397-123b6388adbb">
      <Execution id="e31b2d06-a994-4bf3-a9c4-9fc56858b0ef" />
      <TestMethod codeBase="/home/runner/work/praxis/praxis/csharp/Praxis.Tests/bin/Debug/net8.0/Praxis.Tests.dll" adapterTypeName="executor://xunit/VsTestRunner2/netcoreapp" className="Praxis.Tests.ProtocolTests" name="PraxisState_WithFacts_ShouldCreateNewStateWithAddedFacts" />
    </UnitTest>
    <UnitTest name="Praxis.Tests.IntrospectionTests.GetStats_ShouldReturnCorrectCounts" storage="/home/runner/work/praxis/praxis/csharp/praxis.tests/bin/debug/net8.0/praxis.tests.dll" id="ceff1aaa-7ae3-3da9-ac76-502591529d52">
      <Execution id="f86d8041-382f-4a80-bbae-9e7139f94b4a" />
      <TestMethod codeBase="/home/runner/work/praxis/praxis/csharp/Praxis.Tests/bin/Debug/net8.0/Praxis.Tests.dll" adapterTypeName="executor://xunit/VsTestRunner2/netcoreapp" className="Praxis.Tests.IntrospectionTests" name="GetStats_ShouldReturnCorrectCounts" />
    </UnitTest>
    <UnitTest name="Praxis.Tests.IntrospectionTests.GenerateSchema_ShouldIncludeAllRulesAndConstraints" storage="/home/runner/work/praxis/praxis/csharp/praxis.tests/bin/debug/net8.0/praxis.tests.dll" id="ead14aa8-9102-f820-04ce-68f11eef3af6">
      <Execution id="bf44ccd3-8d21-44e6-8a34-9abb2f289c5d" />
      <TestMethod codeBase="/home/runner/work/praxis/praxis/csharp/Praxis.Tests/bin/Debug/net8.0/Praxis.Tests.dll" adapterTypeName="executor://xunit/VsTestRunner2/netcoreapp" className="Praxis.Tests.IntrospectionTests" name="GenerateSchema_ShouldIncludeAllRulesAndConstraints" />
    </UnitTest>
    <UnitTest name="Praxis.Tests.RulesTests.PraxisRegistry_RegisterRule_ShouldThrowOnDuplicate" storage="/home/runner/work/praxis/praxis/csharp/praxis.tests/bin/debug/net8.0/praxis.tests.dll" id="d7d71c8c-ffe4-3944-6da8-41ca7b37c624">
      <Execution id="81d84ba5-92f8-46d4-ab98-632766d2a74b" />
      <TestMethod codeBase="/home/runner/work/praxis/praxis/csharp/Praxis.Tests/bin/Debug/net8.0/Praxis.Tests.dll" adapterTypeName="executor://xunit/VsTestRunner2/netcoreapp" className="Praxis.Tests.RulesTests" name="PraxisRegistry_RegisterRule_ShouldThrowOnDuplicate" />
    </UnitTest>
    <UnitTest name="Praxis.Tests.ProtocolTests.PraxisFact_GetPayload_ShouldDeserializePayload" storage="/home/runner/work/praxis/praxis/csharp/praxis.tests/bin/debug/net8.0/praxis.tests.dll" id="aa9a5250-d279-fa0e-fa3f-95697552f9e3">
      <Execution id="be5d22eb-8a0d-43c5-85a3-59664cfb6969" />
      <TestMethod codeBase="/home/runner/work/praxis/praxis/csharp/Praxis.Tests/bin/Debug/net8.0/Praxis.Tests.dll" adapterTypeName="executor://xunit/VsTestRunner2/netcoreapp" className="Praxis.Tests.ProtocolTests" name="PraxisFact_GetPayload_ShouldDeserializePayload" />
    </UnitTest>
    <UnitTest name="Praxis.Tests.RulesTests.ConstraintResult_ImplicitBoolConversion_ShouldWork" storage="/home/runner/work/praxis/praxis/csharp/praxis.tests/bin/debug/net8.0/praxis.tests.dll" id="c3f3cfa0-b4c2-ecd5-d4dc-e0b05027b31d">
      <Execution id="03b68beb-41fe-4282-8cdf-e3452a768d06" />
      <TestMethod codeBase="/home/runner/work/praxis/praxis/csharp/Praxis.Tests/bin/Debug/net8.0/Praxis.Tests.dll" adapterTypeName="executor://xunit/VsTestRunner2/netcoreapp" className="Praxis.Tests.RulesTests" name="ConstraintResult_ImplicitBoolConversion_ShouldWork" />
    </UnitTest>
    <UnitTest name="Praxis.Tests.DslTests.FindFact_ShouldReturnNullIfNotFound" storage="/home/runner/work/praxis/praxis/csharp/praxis.tests/bin/debug/net8.0/praxis.tests.dll" id="2241b0c7-2de4-ae3c-f3df-b43eccfe5b88">
      <Execution id="96abf94e-0ce6-4837-8f50-b5a601c97be1" />
      <TestMethod codeBase="/home/runner/work/praxis/praxis/csharp/Praxis.Tests/bin/Debug/net8.0/Praxis.Tests.dll" adapterTypeName="executor://xunit/VsTestRunner2/netcoreapp" className="Praxis.Tests.DslTests" name="FindFact_ShouldReturnNullIfNotFound" />
    </UnitTest>
    <UnitTest name="Praxis.Tests.PluresDBTests+InMemoryPraxisDBTests.Watch_ShouldNotifyOnChanges" storage="/home/runner/work/praxis/praxis/csharp/praxis.tests/bin/debug/net8.0/praxis.tests.dll" id="5758e2f3-73f7-802c-84db-e55bed6244e5">
      <Execution id="bd04f7a4-806b-469d-a7e1-56ceae93c3cc" />
      <TestMethod codeBase="/home/runner/work/praxis/praxis/csharp/Praxis.Tests/bin/Debug/net8.0/Praxis.Tests.dll" adapterTypeName="executor://xunit/VsTestRunner2/netcoreapp" className="Praxis.Tests.PluresDBTests+InMemoryPraxisDBTests" name="Watch_ShouldNotifyOnChanges" />
    </UnitTest>
    <UnitTest name="Praxis.Tests.DslTests.FindFact_ShouldFindFirstMatchingFact" storage="/home/runner/work/praxis/praxis/csharp/praxis.tests/bin/debug/net8.0/praxis.tests.dll" id="e1e71c99-67c8-cd3e-786d-1d00f9b4689f">
      <Execution id="b7809500-a91e-40bf-b044-86465b09239c" />
      <TestMethod codeBase="/home/runner/work/praxis/praxis/csharp/Praxis.Tests/bin/Debug/net8.0/Praxis.Tests.dll" adapterTypeName="executor://xunit/VsTestRunner2/netcoreapp" className="Praxis.Tests.DslTests" name="FindFact_ShouldFindFirstMatchingFact" />
    </UnitTest>
    <UnitTest name="Praxis.Tests.IntrospectionTests.SearchRules_ShouldSearchDescription" storage="/home/runner/work/praxis/praxis/csharp/praxis.tests/bin/debug/net8.0/praxis.tests.dll" id="de1accb0-5bba-5c7b-4227-a98807ac984d">
      <Execution id="14495708-61f6-416e-846a-f7d60f0dc03b" />
      <TestMethod codeBase="/home/runner/work/praxis/praxis/csharp/Praxis.Tests/bin/Debug/net8.0/Praxis.Tests.dll" adapterTypeName="executor://xunit/VsTestRunner2/netcoreapp" className="Praxis.Tests.IntrospectionTests" name="SearchRules_ShouldSearchDescription" />
    </UnitTest>
    <UnitTest name="Praxis.Tests.RulesTests.RuleDescriptor_ShouldStoreAllProperties" storage="/home/runner/work/praxis/praxis/csharp/praxis.tests/bin/debug/net8.0/praxis.tests.dll" id="1319eee8-87f4-3c92-3880-5cbb8ec84280">
      <Execution id="cd8d3615-d97d-4e87-b831-de006cea172b" />
      <TestMethod codeBase="/home/runner/work/praxis/praxis/csharp/Praxis.Tests/bin/Debug/net8.0/Praxis.Tests.dll" adapterTypeName="executor://xunit/VsTestRunner2/netcoreapp" className="Praxis.Tests.RulesTests" name="RuleDescriptor_ShouldStoreAllProperties" />
    </UnitTest>
    <UnitTest name="Praxis.Tests.DslTests.FilterEvents_ShouldFilterByDefinition" storage="/home/runner/work/praxis/praxis/csharp/praxis.tests/bin/debug/net8.0/praxis.tests.dll" id="8959c7b6-33f4-350f-798b-d8069b878e42">
      <Execution id="f6610b16-b48f-444c-a2c8-1872f5c72b3e" />
      <TestMethod codeBase="/home/runner/work/praxis/praxis/csharp/Praxis.Tests/bin/Debug/net8.0/Praxis.Tests.dll" adapterTypeName="executor://xunit/VsTestRunner2/netcoreapp" className="Praxis.Tests.DslTests" name="FilterEvents_ShouldFilterByDefinition" />
    </UnitTest>
    <UnitTest name="Praxis.Tests.PluresDBTests+PraxisSchemaRegistryTests.Update_ShouldUpdateSchema" storage="/home/runner/work/praxis/praxis/csharp/praxis.tests/bin/debug/net8.0/praxis.tests.dll" id="d1bbe4a9-57b4-613f-2561-c1c7a7b07a4d">
      <Execution id="af8ac059-e2bb-498e-8ccb-0fcbd81e4b71" />
      <TestMethod codeBase="/home/runner/work/praxis/praxis/csharp/Praxis.Tests/bin/Debug/net8.0/Praxis.Tests.dll" adapterTypeName="executor://xunit/VsTestRunner2/netcoreapp" className="Praxis.Tests.PluresDBTests+PraxisSchemaRegistryTests" name="Update_ShouldUpdateSchema" />
    </UnitTest>
    <UnitTest name="Praxis.Tests.RulesTests.ConstraintResult_Failure_ShouldBeInvalidWithMessage" storage="/home/runner/work/praxis/praxis/csharp/praxis.tests/bin/debug/net8.0/praxis.tests.dll" id="884cc89b-bec7-a044-03ac-a5385c988cc1">
      <Execution id="2e6cb694-6fca-4b96-97b6-d7164e26d473" />
      <TestMethod codeBase="/home/runner/work/praxis/praxis/csharp/Praxis.Tests/bin/Debug/net8.0/Praxis.Tests.dll" adapterTypeName="executor://xunit/VsTestRunner2/netcoreapp" className="Praxis.Tests.RulesTests" name="ConstraintResult_Failure_ShouldBeInvalidWithMessage" />
    </UnitTest>
    <UnitTest name="Praxis.Tests.IntrospectionTests.GenerateGraph_ShouldIncludeAllNodes" storage="/home/runner/work/praxis/praxis/csharp/praxis.tests/bin/debug/net8.0/praxis.tests.dll" id="232d15e4-f21a-19a4-8398-fac334edafcf">
      <Execution id="bab09194-fdef-4ecf-a94d-73a41344aa7b" />
      <TestMethod codeBase="/home/runner/work/praxis/praxis/csharp/Praxis.Tests/bin/Debug/net8.0/Praxis.Tests.dll" adapterTypeName="executor://xunit/VsTestRunner2/netcoreapp" className="Praxis.Tests.IntrospectionTests" name="GenerateGraph_ShouldIncludeAllNodes" />
    </UnitTest>
    <UnitTest name="Praxis.Tests.ProtocolTests.PraxisEvent_GetPayload_ShouldDeserializePayload" storage="/home/runner/work/praxis/praxis/csharp/praxis.tests/bin/debug/net8.0/praxis.tests.dll" id="05565461-5482-0dbb-b476-0414b97c39c7">
      <Execution id="34bbb791-a570-4539-b35a-04453c0da6be" />
      <TestMethod codeBase="/home/runner/work/praxis/praxis/csharp/Praxis.Tests/bin/Debug/net8.0/Praxis.Tests.dll" adapterTypeName="executor://xunit/VsTestRunner2/netcoreapp" className="Praxis.Tests.ProtocolTests" name="PraxisEvent_GetPayload_ShouldDeserializePayload" />
    </UnitTest>
    <UnitTest name="Praxis.Tests.RulesTests.PraxisRegistry_GetAllRules_ShouldReturnAllRegisteredRules" storage="/home/runner/work/praxis/praxis/csharp/praxis.tests/bin/debug/net8.0/praxis.tests.dll" id="21100c36-6902-ab80-6c28-50139336ae42">
      <Execution id="e5d10336-68de-42f9-a89b-468a77811587" />
      <TestMethod codeBase="/home/runner/work/praxis/praxis/csharp/Praxis.Tests/bin/Debug/net8.0/Praxis.Tests.dll" adapterTypeName="executor://xunit/VsTestRunner2/netcoreapp" className="Praxis.Tests.RulesTests" name="PraxisRegistry_GetAllRules_ShouldReturnAllRegisteredRules" />
    </UnitTest>
    <UnitTest name="Praxis.Tests.PluresDBTests+PraxisSchemaRegistryTests.RegisterWithIndex_ShouldNotDuplicateInIndex" storage="/home/runner/work/praxis/praxis/csharp/praxis.tests/bin/debug/net8.0/praxis.tests.dll" id="7a1d4676-8033-0c46-76b2-179d7b4c4e68">
      <Execution id="8760cde0-9def-4286-af71-6ed68a2dfcfa" />
      <TestMethod codeBase="/home/runner/work/praxis/praxis/csharp/Praxis.Tests/bin/Debug/net8.0/Praxis.Tests.dll" adapterTypeName="executor://xunit/VsTestRunner2/netcoreapp" className="Praxis.Tests.PluresDBTests+PraxisSchemaRegistryTests" name="RegisterWithIndex_ShouldNotDuplicateInIndex" />
    </UnitTest>
    <UnitTest name="Praxis.Tests.ProtocolTests.PraxisStepConfig_ShouldStoreRuleAndConstraintIds" storage="/home/runner/work/praxis/praxis/csharp/praxis.tests/bin/debug/net8.0/praxis.tests.dll" id="0501d546-7377-b480-5bd3-d36df73f92e8">
      <Execution id="75588d32-1f86-49c8-8afb-9601ac2e275c" />
      <TestMethod codeBase="/home/runner/work/praxis/praxis/csharp/Praxis.Tests/bin/Debug/net8.0/Praxis.Tests.dll" adapterTypeName="executor://xunit/VsTestRunner2/netcoreapp" className="Praxis.Tests.ProtocolTests" name="PraxisStepConfig_ShouldStoreRuleAndConstraintIds" />
    </UnitTest>
    <UnitTest name="Praxis.Tests.DslTests.DefineFact_ShouldCreateFactDefinition" storage="/home/runner/work/praxis/praxis/csharp/praxis.tests/bin/debug/net8.0/praxis.tests.dll" id="56eeef17-13e1-6fbe-f250-cc07f0e0c873">
      <Execution id="fc54bd05-8323-49a8-bf1b-b291e95f1caf" />
      <TestMethod codeBase="/home/runner/work/praxis/praxis/csharp/Praxis.Tests/bin/Debug/net8.0/Praxis.Tests.dll" adapterTypeName="executor://xunit/VsTestRunner2/netcoreapp" className="Praxis.Tests.DslTests" name="DefineFact_ShouldCreateFactDefinition" />
    </UnitTest>
    <UnitTest name="Praxis.Tests.RulesTests.ConstraintResult_Success_ShouldBeValid" storage="/home/runner/work/praxis/praxis/csharp/praxis.tests/bin/debug/net8.0/praxis.tests.dll" id="7fdb928b-b7d4-37c2-40f3-340bde48d1aa">
      <Execution id="2db9f896-4c3f-44f6-9ae7-02cbe327126c" />
      <TestMethod codeBase="/home/runner/work/praxis/praxis/csharp/Praxis.Tests/bin/Debug/net8.0/Praxis.Tests.dll" adapterTypeName="executor://xunit/VsTestRunner2/netcoreapp" className="Praxis.Tests.RulesTests" name="ConstraintResult_Success_ShouldBeValid" />
    </UnitTest>
    <UnitTest name="Praxis.Tests.IntrospectionTests.GetConstraintInfo_ShouldReturnNullForUnknownId" storage="/home/runner/work/praxis/praxis/csharp/praxis.tests/bin/debug/net8.0/praxis.tests.dll" id="4d6980c0-fe8c-b9bc-2b81-89503ada4490">
      <Execution id="5e07ddc4-27c8-4468-b925-aabda222565b" />
      <TestMethod codeBase="/home/runner/work/praxis/praxis/csharp/Praxis.Tests/bin/Debug/net8.0/Praxis.Tests.dll" adapterTypeName="executor://xunit/VsTestRunner2/netcoreapp" className="Praxis.Tests.IntrospectionTests" name="GetConstraintInfo_ShouldReturnNullForUnknownId" />
    </UnitTest>
    <UnitTest name="Praxis.Tests.EngineTests.LogicEngine_GetState_ShouldReturnImmutableState" storage="/home/runner/work/praxis/praxis/csharp/praxis.tests/bin/debug/net8.0/praxis.tests.dll" id="d27c654c-1b1e-3a30-4748-8f302535a34c">
      <Execution id="31b52600-d232-4e0a-8d7e-9654fd902298" />
      <TestMethod codeBase="/home/runner/work/praxis/praxis/csharp/Praxis.Tests/bin/Debug/net8.0/Praxis.Tests.dll" adapterTypeName="executor://xunit/VsTestRunner2/netcoreapp" className="Praxis.Tests.EngineTests" name="LogicEngine_GetState_ShouldReturnImmutableState" />
    </UnitTest>
    <UnitTest name="Praxis.Tests.DslTests.DefineConstraint_ShouldCreateConstraintDescriptor" storage="/home/runner/work/praxis/praxis/csharp/praxis.tests/bin/debug/net8.0/praxis.tests.dll" id="db5085c0-6725-cde7-42c1-af2e34699194">
      <Execution id="14a75492-97d6-4b8b-9ca1-40471fc0a477" />
      <TestMethod codeBase="/home/runner/work/praxis/praxis/csharp/Praxis.Tests/bin/Debug/net8.0/Praxis.Tests.dll" adapterTypeName="executor://xunit/VsTestRunner2/netcoreapp" className="Praxis.Tests.DslTests" name="DefineConstraint_ShouldCreateConstraintDescriptor" />
    </UnitTest>
    <UnitTest name="Praxis.Tests.ProtocolTests.PraxisState_WithContext_ShouldCreateNewStateWithUpdatedContext" storage="/home/runner/work/praxis/praxis/csharp/praxis.tests/bin/debug/net8.0/praxis.tests.dll" id="9f006eb8-6ba0-5e4a-3bd2-4b8cbb62f2b8">
      <Execution id="d4e057b2-a052-4781-b60d-b8e20ebe34ab" />
      <TestMethod codeBase="/home/runner/work/praxis/praxis/csharp/Praxis.Tests/bin/Debug/net8.0/Praxis.Tests.dll" adapterTypeName="executor://xunit/VsTestRunner2/netcoreapp" className="Praxis.Tests.ProtocolTests" name="PraxisState_WithContext_ShouldCreateNewStateWithUpdatedContext" />
    </UnitTest>
    <UnitTest name="Praxis.Tests.IntrospectionTests.GetConstraintInfo_ShouldReturnConstraintDetails" storage="/home/runner/work/praxis/praxis/csharp/praxis.tests/bin/debug/net8.0/praxis.tests.dll" id="adc146ba-0ef2-a532-1e23-99bc014208b4">
      <Execution id="06859bde-f6b1-44b3-baf4-9b8b7047bde4" />
      <TestMethod codeBase="/home/runner/work/praxis/praxis/csharp/Praxis.Tests/bin/Debug/net8.0/Praxis.Tests.dll" adapterTypeName="executor://xunit/VsTestRunner2/netcoreapp" className="Praxis.Tests.IntrospectionTests" name="GetConstraintInfo_ShouldReturnConstraintDetails" />
    </UnitTest>
    <UnitTest name="Praxis.Tests.RulesTests.PraxisRegistry_RegisterConstraint_ShouldAddConstraint" storage="/home/runner/work/praxis/praxis/csharp/praxis.tests/bin/debug/net8.0/praxis.tests.dll" id="6f4e85ca-ddec-3133-2527-0171ebad786e">
      <Execution id="9eea5edf-c640-42d9-bee8-400e910b7abe" />
      <TestMethod codeBase="/home/runner/work/praxis/praxis/csharp/Praxis.Tests/bin/Debug/net8.0/Praxis.Tests.dll" adapterTypeName="executor://xunit/VsTestRunner2/netcoreapp" className="Praxis.Tests.RulesTests" name="PraxisRegistry_RegisterConstraint_ShouldAddConstraint" />
    </UnitTest>
    <UnitTest name="Praxis.Tests.ProtocolTests.PraxisDiagnostics_ShouldStoreKindAndMessage" storage="/home/runner/work/praxis/praxis/csharp/praxis.tests/bin/debug/net8.0/praxis.tests.dll" id="145bf1b4-6417-950f-57ef-b4b5465a847d">
      <Execution id="8a7dae47-84b7-40e1-82db-e77410604a87" />
      <TestMethod codeBase="/home/runner/work/praxis/praxis/csharp/Praxis.Tests/bin/Debug/net8.0/Praxis.Tests.dll" adapterTypeName="executor://xunit/VsTestRunner2/netcoreapp" className="Praxis.Tests.ProtocolTests" name="PraxisDiagnostics_ShouldStoreKindAndMessage" />
    </UnitTest>
    <UnitTest name="Praxis.Tests.PluresDBTests+PraxisDBStoreTests.GetEvents_ShouldLimitResults" storage="/home/runner/work/praxis/praxis/csharp/praxis.tests/bin/debug/net8.0/praxis.tests.dll" id="b9389fad-c694-5ed8-8b03-fb12d2fb82c6">
      <Execution id="5c9faea1-67ae-4487-a430-e9c6aa22afef" />
      <TestMethod codeBase="/home/runner/work/praxis/praxis/csharp/Praxis.Tests/bin/Debug/net8.0/Praxis.Tests.dll" adapterTypeName="executor://xunit/VsTestRunner2/netcoreapp" className="Praxis.Tests.PluresDBTests+PraxisDBStoreTests" name="GetEvents_ShouldLimitResults" />
    </UnitTest>
    <UnitTest name="Praxis.Tests.RulesTests.ConstraintDescriptor_ShouldStoreAllProperties" storage="/home/runner/work/praxis/praxis/csharp/praxis.tests/bin/debug/net8.0/praxis.tests.dll" id="a2bdcfd0-e9bb-0df4-c9a4-b04340076b77">
      <Execution id="5aeaeda9-c2d6-41fc-aaf3-b93fbc4338be" />
      <TestMethod codeBase="/home/runner/work/praxis/praxis/csharp/Praxis.Tests/bin/Debug/net8.0/Praxis.Tests.dll" adapterTypeName="executor://xunit/VsTestRunner2/netcoreapp" className="Praxis.Tests.RulesTests" name="ConstraintDescriptor_ShouldStoreAllProperties" />
    </UnitTest>
    <UnitTest name="Praxis.Tests.DslTests.FactDefinition_GetPayload_ShouldDeserializePayload" storage="/home/runner/work/praxis/praxis/csharp/praxis.tests/bin/debug/net8.0/praxis.tests.dll" id="3e426c63-27c0-6f81-4e5f-eae56c3bac8b">
      <Execution id="d76a30db-200b-476f-85a2-89efece3eb16" />
      <TestMethod codeBase="/home/runner/work/praxis/praxis/csharp/Praxis.Tests/bin/Debug/net8.0/Praxis.Tests.dll" adapterTypeName="executor://xunit/VsTestRunner2/netcoreapp" className="Praxis.Tests.DslTests" name="FactDefinition_GetPayload_ShouldDeserializePayload" />
    </UnitTest>
    <UnitTest name="Praxis.Tests.EngineTests.LogicEngine_Step_ShouldApplyRules" storage="/home/runner/work/praxis/praxis/csharp/praxis.tests/bin/debug/net8.0/praxis.tests.dll" id="036f6b8f-4c5b-6ab7-4448-d847da953930">
      <Execution id="d49b85af-0b53-45a1-a292-d17649311412" />
      <TestMethod codeBase="/home/runner/work/praxis/praxis/csharp/Praxis.Tests/bin/Debug/net8.0/Praxis.Tests.dll" adapterTypeName="executor://xunit/VsTestRunner2/netcoreapp" className="Praxis.Tests.EngineTests" name="LogicEngine_Step_ShouldApplyRules" />
    </UnitTest>
    <UnitTest name="Praxis.Tests.EngineTests.LogicEngine_UpdateContext_ShouldUpdateContextDirectly" storage="/home/runner/work/praxis/praxis/csharp/praxis.tests/bin/debug/net8.0/praxis.tests.dll" id="5d0fdd54-0f76-a9a8-d1c6-5720e43cfdba">
[...]
      <Execution id="9a6fa00e-b087-46ce-b1f0-0883f583184f" />
      <TestMethod codeBase="/home/runner/work/praxis/praxis/csharp/Praxis.Tests/bin/Debug/net8.0/Praxis.Tests.dll" adapterTypeName="executor://xunit/VsTestRunner2/netcoreapp" className="Praxis.Tests.IntrospectionTests" name="GetRuleInfo_ShouldReturnNullForUnknownId" />
    </UnitTest>
    <UnitTest name="Praxis.Tests.PluresDBTests+PraxisDBStoreTests.Dispose_ShouldNotThrow" storage="/home/runner/work/praxis/praxis/csharp/praxis.tests/bin/debug/net8.0/praxis.tests.dll" id="7248300d-61f5-5633-6cd4-b492bb14ae83">
      <Execution id="49aff58e-602b-4c0d-8030-c5071108a3ba" />
      <TestMethod codeBase="/home/runner/work/praxis/praxis/csharp/Praxis.Tests/bin/Debug/net8.0/Praxis.Tests.dll" adapterTypeName="executor://xunit/VsTestRunner2/netcoreapp" className="Praxis.Tests.PluresDBTests+PraxisDBStoreTests" name="Dispose_ShouldNotThrow" />
    </UnitTest>
    <UnitTest name="Praxis.Tests.DslTests.FindEvent_ShouldReturnNullIfNotFound" storage="/home/runner/work/praxis/praxis/csharp/praxis.tests/bin/debug/net8.0/praxis.tests.dll" id="36b2afae-dfa9-eecc-3949-002e9ec0b0cb">
      <Execution id="ee5bdbc6-350c-4a90-885d-6972ebcad219" />
      <TestMethod codeBase="/home/runner/work/praxis/praxis/csharp/Praxis.Tests/bin/Debug/net8.0/Praxis.Tests.dll" adapterTypeName="executor://xunit/VsTestRunner2/netcoreapp" className="Praxis.Tests.DslTests" name="FindEvent_ShouldReturnNullIfNotFound" />
    </UnitTest>
    <UnitTest name="Praxis.Tests.PluresDBTests+PraxisDBStoreTests.AppendEvent_ShouldAppendEvent" storage="/home/runner/work/praxis/praxis/csharp/praxis.tests/bin/debug/net8.0/praxis.tests.dll" id="42392983-a7e6-5a60-48b0-dc2c47ca5ed2">
      <Execution id="3803f6bb-e01c-45e7-bd14-8bddf3ee8e3e" />
      <TestMethod codeBase="/home/runner/work/praxis/praxis/csharp/Praxis.Tests/bin/Debug/net8.0/Praxis.Tests.dll" adapterTypeName="executor://xunit/VsTestRunner2/netcoreapp" className="Praxis.Tests.PluresDBTests+PraxisDBStoreTests" name="AppendEvent_ShouldAppendEvent" />
    </UnitTest>
    <UnitTest name="Praxis.Tests.PluresDBTests+PraxisDBStoreTests.Context_ShouldUpdateAndGetContext" storage="/home/runner/work/praxis/praxis/csharp/praxis.tests/bin/debug/net8.0/praxis.tests.dll" id="a291fe36-eb29-b0d8-2c63-535c493ce234">
      <Execution id="67aae2ab-35ae-4f3f-9563-d0c2008ad2a6" />
      <TestMethod codeBase="/home/runner/work/praxis/praxis/csharp/Praxis.Tests/bin/Debug/net8.0/Praxis.Tests.dll" adapterTypeName="executor://xunit/VsTestRunner2/netcoreapp" className="Praxis.Tests.PluresDBTests+PraxisDBStoreTests" name="Context_ShouldUpdateAndGetContext" />
    </UnitTest>
    <UnitTest name="Praxis.Tests.RulesTests.PraxisRegistry_GetConstraint_ShouldReturnNullForUnknownId" storage="/home/runner/work/praxis/praxis/csharp/praxis.tests/bin/debug/net8.0/praxis.tests.dll" id="83f8126a-ddb7-fbe3-03dc-5bc776ab3f6d">
      <Execution id="3a7868f8-35da-4bfc-aaf5-29f54bf16f83" />
      <TestMethod codeBase="/home/runner/work/praxis/praxis/csharp/Praxis.Tests/bin/Debug/net8.0/Praxis.Tests.dll" adapterTypeName="executor://xunit/VsTestRunner2/netcoreapp" className="Praxis.Tests.RulesTests" name="PraxisRegistry_GetConstraint_ShouldReturnNullForUnknownId" />
    </UnitTest>
  </TestDefinitions>
  <TestEntries>
    <TestEntry testId="1319eee8-87f4-3c92-3880-5cbb8ec84280" executionId="cd8d3615-d97d-4e87-b831-de006cea172b" testListId="8c84fa94-04c1-424b-9868-57a2d4851a1d" />
    <TestEntry testId="74458f21-c4a7-df20-6254-46cc5a62fb62" executionId="a2629c7f-be3c-4208-8bcc-f07cccea2fe8" testListId="8c84fa94-04c1-424b-9868-57a2d4851a1d" />
    <TestEntry testId="e3a9ce59-f4c8-f825-713f-8d4d12c0981f" executionId="7c420351-a5af-483a-9850-9bba8dd879f6" testListId="8c84fa94-04c1-424b-9868-57a2d4851a1d" />
    <TestEntry testId="3e426c63-27c0-6f81-4e5f-eae56c3bac8b" executionId="d76a30db-200b-476f-85a2-89efece3eb16" testListId="8c84fa94-04c1-424b-9868-57a2d4851a1d" />
    <TestEntry testId="0501d546-7377-b480-5bd3-d36df73f92e8" executionId="75588d32-1f86-49c8-8afb-9601ac2e275c" testListId="8c84fa94-04c1-424b-9868-57a2d4851a1d" />
    <TestEntry testId="664a4d99-f433-9758-af30-41d0b8a5416b" executionId="e192c641-a5d6-45e9-9a4c-35afdd67af1e" testListId="8c84fa94-04c1-424b-9868-57a2d4851a1d" />
    <TestEntry testId="046a40fb-ad6d-718b-bfc4-87a81f7154d0" executionId="31b3d707-317f-4e1d-a2ec-7f862cfb6c84" testListId="8c84fa94-04c1-424b-9868-57a2d4851a1d" />
    <TestEntry testId="b0b18344-b151-386c-579f-9b38e4d145db" executionId="60d952a2-39ef-40cc-a5ad-bfe9f576e028" testListId="8c84fa94-04c1-424b-9868-57a2d4851a1d" />
    <TestEntry testId="7a1d4676-8033-0c46-76b2-179d7b4c4e68" executionId="8760cde0-9def-4286-af71-6ed68a2dfcfa" testListId="8c84fa94-04c1-424b-9868-57a2d4851a1d" />
    <TestEntry testId="db5085c0-6725-cde7-42c1-af2e34699194" executionId="14a75492-97d6-4b8b-9ca1-40471fc0a477" testListId="8c84fa94-04c1-424b-9868-57a2d4851a1d" />
    <TestEntry testId="db0ed5a4-6ee5-0fe6-a953-6a5a969cbd12" executionId="e4e82350-aa36-4769-a0fe-ea67ecbafe04" testListId="8c84fa94-04c1-424b-9868-57a2d4851a1d" />
    <TestEntry testId="ff4e02e3-c13e-7000-8154-658d078ead13" executionId="9c9bfad9-a40a-4351-be43-d6e7cc5c4d69" testListId="8c84fa94-04c1-424b-9868-57a2d4851a1d" />
    <TestEntry testId="d1bbe4a9-57b4-613f-2561-c1c7a7b07a4d" executionId="af8ac059-e2bb-498e-8ccb-0fcbd81e4b71" testListId="8c84fa94-04c1-424b-9868-57a2d4851a1d" />
    <TestEntry testId="5c5a6265-9080-9fa3-71fe-10770d804677" executionId="9a6fa00e-b087-46ce-b1f0-0883f583184f" testListId="8c84fa94-04c1-424b-9868-57a2d4851a1d" />
    <TestEntry testId="c969a894-f35d-e1f1-6405-cb483fca043b" executionId="11aa2371-179e-4ab6-99dc-366814921cc6" testListId="8c84fa94-04c1-424b-9868-57a2d4851a1d" />
    <TestEntry testId="de1accb0-5bba-5c7b-4227-a98807ac984d" executionId="14495708-61f6-416e-846a-f7d60f0dc03b" testListId="8c84fa94-04c1-424b-9868-57a2d4851a1d" />
    <TestEntry testId="05565461-5482-0dbb-b476-0414b97c39c7" executionId="34bbb791-a570-4539-b35a-04453c0da6be" testListId="8c84fa94-04c1-424b-9868-57a2d4851a1d" />
    <TestEntry testId="7fdb928b-b7d4-37c2-40f3-340bde48d1aa" executionId="2db9f896-4c3f-44f6-9ae7-02cbe327126c" testListId="8c84fa94-04c1-424b-9868-57a2d4851a1d" />
    <TestEntry testId="9bf025da-bc05-61f7-81a2-6dc9aaf3bc59" executionId="dba86d2f-c40c-4dbd-b561-5f380a618c6c" testListId="8c84fa94-04c1-424b-9868-57a2d4851a1d" />
    <TestEntry testId="5d0fdd54-0f76-a9a8-d1c6-5720e43cfdba" executionId="cdb9f325-8ea8-4c5f-a1cc-e935c980f434" testListId="8c84fa94-04c1-424b-9868-57a2d4851a1d" />
    <TestEntry testId="045c8a00-bafc-1d9e-6b48-2ca2ebebe64e" executionId="278c03c3-95b0-49e1-af6b-7662f718a57c" testListId="8c84fa94-04c1-424b-9868-57a2d4851a1d" />
    <TestEntry testId="49b81bbc-4dfa-14ae-17b7-9d2f3daf0e2c" executionId="f6df1d27-3aa2-47af-8bf6-b56c6f9ea4f3" testListId="8c84fa94-04c1-424b-9868-57a2d4851a1d" />
    <TestEntry testId="dc21a006-4612-efed-080c-e45d0e520832" executionId="3972ab3b-68e6-41df-bd95-db6aa84cc714" testListId="8c84fa94-04c1-424b-9868-57a2d4851a1d" />
    <TestEntry testId="df4448e5-f3b9-008c-446a-fe23915dc29b" executionId="27c47717-0b02-477c-b074-a5a28b31ec43" testListId="8c84fa94-04c1-424b-9868-57a2d4851a1d" />
    <TestEntry testId="dba8128c-15ef-e635-4b8c-128f90fd3394" executionId="f027d681-c0f4-45bd-ad79-dd1b39e3c40c" testListId="8c84fa94-04c1-424b-9868-57a2d4851a1d" />
    <TestEntry testId="f8977031-48bc-1cb1-2292-0486f87f61d9" executionId="e726fbf3-2ddb-446d-b2e8-8f1923e2f483" testListId="8c84fa94-04c1-424b-9868-57a2d4851a1d" />
    <TestEntry testId="36b2afae-dfa9-eecc-3949-002e9ec0b0cb" executionId="ee5bdbc6-350c-4a90-885d-6972ebcad219" testListId="8c84fa94-04c1-424b-9868-57a2d4851a1d" />
    <TestEntry testId="3b9c9c80-7f58-4f5d-dc69-ad1e871959ab" executionId="2b583966-9f85-4b7e-8d22-bdec10162105" testListId="8c84fa94-04c1-424b-9868-57a2d4851a1d" />
    <TestEntry testId="bec8c29a-b46e-99da-457d-8a56960e45e5" executionId="0ff99776-5b77-43c4-b3a4-20982dc41ddf" testListId="8c84fa94-04c1-424b-9868-57a2d4851a1d" />
    <TestEntry testId="46cbcb83-7556-31d9-9d8e-cedb9664f8d2" executionId="e68bbc42-9786-4219-a366-33a3d20b660e" testListId="8c84fa94-04c1-424b-9868-57a2d4851a1d" />
    <TestEntry testId="c8e5f0d9-98fb-66c8-7809-df31343ce664" executionId="7aeabd25-a93d-4fa6-969d-7b4ceebaaf64" testListId="8c84fa94-04c1-424b-9868-57a2d4851a1d" />
    <TestEntry testId="a2bdcfd0-e9bb-0df4-c9a4-b04340076b77" executionId="5aeaeda9-c2d6-41fc-aaf3-b93fbc4338be" testListId="8c84fa94-04c1-424b-9868-57a2d4851a1d" />
    <TestEntry testId="acbfcd2a-02e1-5d97-fdee-42a8e29609a9" executionId="d1aa62a5-f3a5-4695-bc86-59fe93dbb9e5" testListId="8c84fa94-04c1-424b-9868-57a2d4851a1d" />
    <TestEntry testId="d7d71c8c-ffe4-3944-6da8-41ca7b37c624" executionId="81d84ba5-92f8-46d4-ab98-632766d2a74b" testListId="8c84fa94-04c1-424b-9868-57a2d4851a1d" />
    <TestEntry testId="9f006eb8-6ba0-5e4a-3bd2-4b8cbb62f2b8" executionId="d4e057b2-a052-4781-b60d-b8e20ebe34ab" testListId="8c84fa94-04c1-424b-9868-57a2d4851a1d" />
    <TestEntry testId="89f44103-f020-7ecf-2dcd-131d6d24065c" executionId="30730ef1-038f-4541-8aa5-1ec04f902585" testListId="8c84fa94-04c1-424b-9868-57a2d4851a1d" />
    <TestEntry testId="bff68b5b-ed41-2d0e-a5a7-a238234b65c9" executionId="5efc0f2b-07a6-456d-87be-0149b9e24d23" testListId="8c84fa94-04c1-424b-9868-57a2d4851a1d" />
    <TestEntry testId="e98e05e9-c3fb-5cea-5a88-ed11836db895" executionId="27bdc20f-10d4-4198-afb5-7f42cb5c87c6" testListId="8c84fa94-04c1-424b-9868-57a2d4851a1d" />
    <TestEntry testId="21100c36-6902-ab80-6c28-50139336ae42" executionId="e5d10336-68de-42f9-a89b-468a77811587" testListId="8c84fa94-04c1-424b-9868-57a2d4851a1d" />
    <TestEntry testId="be6e6296-488d-a999-d773-6e6d54159cb2" executionId="272e343a-b8fd-4d86-bdba-3923ba4667d5" testListId="8c84fa94-04c1-424b-9868-57a2d4851a1d" />
    <TestEntry testId="1b4748cc-d8cc-691e-a0a1-20462b544269" executionId="a4371a68-3c03-4abf-900e-0a6207da2b7e" testListId="8c84fa94-04c1-424b-9868-57a2d4851a1d" />
    <TestEntry testId="036f6b8f-4c5b-6ab7-4448-d847da953930" executionId="d49b85af-0b53-45a1-a292-d17649311412" testListId="8c84fa94-04c1-424b-9868-57a2d4851a1d" />
    <TestEntry testId="8959c7b6-33f4-350f-798b-d8069b878e42" executionId="f6610b16-b48f-444c-a2c8-1872f5c72b3e" testListId="8c84fa94-04c1-424b-9868-57a2d4851a1d" />
    <TestEntry testId="6f4e85ca-ddec-3133-2527-0171ebad786e" executionId="9eea5edf-c640-42d9-bee8-400e910b7abe" testListId="8c84fa94-04c1-424b-9868-57a2d4851a1d" />
    <TestEntry testId="cf1e966c-eb43-de32-68c2-6f942f9dc0f6" executionId="ee3680d3-6c22-4641-9476-6b3274ebf7fd" testListId="8c84fa94-04c1-424b-9868-57a2d4851a1d" />
    <TestEntry testId="884cc89b-bec7-a044-03ac-a5385c988cc1" executionId="2e6cb694-6fca-4b96-97b6-d7164e26d473" testListId="8c84fa94-04c1-424b-9868-57a2d4851a1d" />
    <TestEntry testId="d4f0270b-794c-15f0-9736-87b381058dad" executionId="2f26fc62-3ca1-4bba-b560-4c783dd623a3" testListId="8c84fa94-04c1-424b-9868-57a2d4851a1d" />
    <TestEntry testId="32bf1b1d-d422-7002-c2af-1f96af47dd46" executionId="57fdc25e-66ed-45cb-a2b4-78c3b888e229" testListId="8c84fa94-04c1-424b-9868-57a2d4851a1d" />
    <TestEntry testId="d80ec2c2-0fd1-cdd9-e8b9-ffc3b43dba62" executionId="3b9c0e4c-553b-48d5-8dbb-2828e9f65d29" testListId="8c84fa94-04c1-424b-9868-57a2d4851a1d" />
    <TestEntry testId="5b18a490-d9be-a57b-b41b-ad0f81c8cf68" executionId="ed27162c-7854-4d07-862c-9300c3b43b1b" testListId="8c84fa94-04c1-424b-9868-57a2d4851a1d" />
    <TestEntry testId="1e24614f-c144-533d-2159-8f712e0c1ed7" executionId="779339cc-0881-4c92-bce3-758dcdc412e7" testListId="8c84fa94-04c1-424b-9868-57a2d4851a1d" />
    <TestEntry testId="42392983-a7e6-5a60-48b0-dc2c47ca5ed2" executionId="3803f6bb-e01c-45e7-bd14-8bddf3ee8e3e" testListId="8c84fa94-04c1-424b-9868-57a2d4851a1d" />
    <TestEntry testId="7d08fec7-57ba-fa4b-b307-18dad94d8c25" executionId="bcffef74-29e3-48ec-88fc-59eef6ad79d8" testListId="8c84fa94-04c1-424b-9868-57a2d4851a1d" />
    <TestEntry testId="e7588fd0-f453-0ff2-acd2-f01d41f81cb3" executionId="25dd116c-8ebb-48e5-ae63-4102e03f139e" testListId="8c84fa94-04c1-424b-9868-57a2d4851a1d" />
    <TestEntry testId="ceff1aaa-7ae3-3da9-ac76-502591529d52" executionId="f86d8041-382f-4a80-bbae-9e7139f94b4a" testListId="8c84fa94-04c1-424b-9868-57a2d4851a1d" />
    <TestEntry testId="adc146ba-0ef2-a532-1e23-99bc014208b4" executionId="06859bde-f6b1-44b3-baf4-9b8b7047bde4" testListId="8c84fa94-04c1-424b-9868-57a2d4851a1d" />
    <TestEntry testId="c091ad32-e86e-83d8-324f-80a23f978587" executionId="3ef7f15c-1858-4f9a-a74f-a9d24dd14374" testListId="8c84fa94-04c1-424b-9868-57a2d4851a1d" />
    <TestEntry testId="145bf1b4-6417-950f-57ef-b4b5465a847d" executionId="8a7dae47-84b7-40e1-82db-e77410604a87" testListId="8c84fa94-04c1-424b-9868-57a2d4851a1d" />
    <TestEntry testId="fb31284f-1c5e-9a53-500e-fd22bfd45ff0" executionId="d13f6766-2fc4-4bcf-a236-d6260b32e302" testListId="8c84fa94-04c1-424b-9868-57a2d4851a1d" />
    <TestEntry testId="5758e2f3-73f7-802c-84db-e55bed6244e5" executionId="bd04f7a4-806b-469d-a7e1-56ceae93c3cc" testListId="8c84fa94-04c1-424b-9868-57a2d4851a1d" />
    <TestEntry testId="232d15e4-f21a-19a4-8398-fac334edafcf" executionId="bab09194-fdef-4ecf-a94d-73a41344aa7b" testListId="8c84fa94-04c1-424b-9868-57a2d4851a1d" />
    <TestEntry testId="71fecf18-b4ca-f62c-8f49-3568bf503b3a" executionId="e9d001f6-2e5f-4986-a15a-8b761cb0ca07" testListId="8c84fa94-04c1-424b-9868-57a2d4851a1d" />
    <TestEntry testId="1601f9d6-e0a9-b808-8b64-c12d6784a796" executionId="922c1819-0f26-4756-84ae-873d9fd30fc8" testListId="8c84fa94-04c1-424b-9868-57a2d4851a1d" />
    <TestEntry testId="2b8d3c67-4452-8996-e96d-b10bd806fc6d" executionId="cc42253f-d896-4403-8a32-c4e24ad84462" testListId="8c84fa94-04c1-424b-9868-57a2d4851a1d" />
    <TestEntry testId="923f3bfe-c093-fdb9-e7f2-32279b0d8f4e" executionId="52f95d0c-2021-40f6-aedf-a61d3345637e" testListId="8c84fa94-04c1-424b-9868-57a2d4851a1d" />
    <TestEntry testId="e9439cc8-8179-c067-0725-4c5647196f1d" executionId="f08eef22-25fb-4da7-8987-90762fd12027" testListId="8c84fa94-04c1-424b-9868-57a2d4851a1d" />
    <TestEntry testId="8b460235-6fdf-045e-9397-123b6388adbb" executionId="e31b2d06-a994-4bf3-a9c4-9fc56858b0ef" testListId="8c84fa94-04c1-424b-9868-57a2d4851a1d" />
    <TestEntry testId="7cf462ca-65c2-1398-40e1-9255ed145ec6" executionId="347277f0-1c79-4eaa-a4b5-ce22d120e5d4" testListId="8c84fa94-04c1-424b-9868-57a2d4851a1d" />
    <TestEntry testId="ec3c699c-81c3-13ed-5c79-920ddee83c7f" executionId="58ad373f-a37c-46cb-8d10-9a2b76b895cf" testListId="8c84fa94-04c1-424b-9868-57a2d4851a1d" />
    <TestEntry testId="bc82685d-4879-1926-0457-65c22f8fd90f" executionId="5957498e-5d09-4dd9-b582-ecbad4a91ba6" testListId="8c84fa94-04c1-424b-9868-57a2d4851a1d" />
    <TestEntry testId="c3f3cfa0-b4c2-ecd5-d4dc-e0b05027b31d" executionId="03b68beb-41fe-4282-8cdf-e3452a768d06" testListId="8c84fa94-04c1-424b-9868-57a2d4851a1d" />
    <TestEntry testId="f00ae9b1-f0fc-498c-aa68-387bd765f450" executionId="41cdfa80-51b6-4bfd-831f-430b6e5d35b5" testListId="8c84fa94-04c1-424b-9868-57a2d4851a1d" />
    <TestEntry testId="e1e71c99-67c8-cd3e-786d-1d00f9b4689f" executionId="b7809500-a91e-40bf-b044-86465b09239c" testListId="8c84fa94-04c1-424b-9868-57a2d4851a1d" />
    <TestEntry testId="7248300d-61f5-5633-6cd4-b492bb14ae83" executionId="49aff58e-602b-4c0d-8030-c5071108a3ba" testListId="8c84fa94-04c1-424b-9868-57a2d4851a1d" />
    <TestEntry testId="b6b77290-872c-97e9-bbf0-480478a4cbe4" executionId="78de48ca-d229-44aa-b710-26fa7d7e171d" testListId="8c84fa94-04c1-424b-9868-57a2d4851a1d" />
    <TestEntry testId="56eeef17-13e1-6fbe-f250-cc07f0e0c873" executionId="fc54bd05-8323-49a8-bf1b-b291e95f1caf" testListId="8c84fa94-04c1-424b-9868-57a2d4851a1d" />
    <TestEntry testId="f7d975ca-e61e-0aac-a26c-475fe65145c9" executionId="ff31a35e-cce8-440d-8d9c-51af0bce2f26" testListId="8c84fa94-04c1-424b-9868-57a2d4851a1d" />
    <TestEntry testId="aa9a5250-d279-fa0e-fa3f-95697552f9e3" executionId="be5d22eb-8a0d-43c5-85a3-59664cfb6969" testListId="8c84fa94-04c1-424b-9868-57a2d4851a1d" />
    <TestEntry testId="78d6d191-5f09-980c-cc8e-d468b0513029" executionId="7b534b22-4755-4563-bc33-35211081b316" testListId="8c84fa94-04c1-424b-9868-57a2d4851a1d" />
    <TestEntry testId="deb82fab-219b-3d34-e8da-510861e1139f" executionId="589b2d0a-7168-420e-ac48-81a404f0a171" testListId="8c84fa94-04c1-424b-9868-57a2d4851a1d" />
    <TestEntry testId="b9389fad-c694-5ed8-8b03-fb12d2fb82c6" executionId="5c9faea1-67ae-4487-a430-e9c6aa22afef" testListId="8c84fa94-04c1-424b-9868-57a2d4851a1d" />
    <TestEntry testId="4d6980c0-fe8c-b9bc-2b81-89503ada4490" executionId="5e07ddc4-27c8-4468-b925-aabda222565b" testListId="8c84fa94-04c1-424b-9868-57a2d4851a1d" />
    <TestEntry testId="2241b0c7-2de4-ae3c-f3df-b43eccfe5b88" executionId="96abf94e-0ce6-4837-8f50-b5a601c97be1" testListId="8c84fa94-04c1-424b-9868-57a2d4851a1d" />
    <TestEntry testId="e3b3c1d5-91e3-0a8b-8c25-fa680da80e5f" executionId="c078b436-0272-46e5-adf3-a390ebf19d6f" testListId="8c84fa94-04c1-424b-9868-57a2d4851a1d" />
    <TestEntry testId="dc2f055a-d3d1-82b9-23f8-cdc865a1813c" executionId="deec4d8b-9216-4c75-9316-4a8d092f79e9" testListId="8c84fa94-04c1-424b-9868-57a2d4851a1d" />
    <TestEntry testId="6bece765-6736-613d-2af9-2f7040e700e2" executionId="5cfaaf3f-6a7a-4f6b-a5c1-b87014cc055c" testListId="8c84fa94-04c1-424b-9868-57a2d4851a1d" />
    <TestEntry testId="d27c654c-1b1e-3a30-4748-8f302535a34c" executionId="31b52600-d232-4e0a-8d7e-9654fd902298" testListId="8c84fa94-04c1-424b-9868-57a2d4851a1d" />
    <TestEntry testId="585d10dc-89d9-6152-8dd5-eb844698e5c8" executionId="1ac16ffc-943a-46a7-b6a8-59c45ed9b128" testListId="8c84fa94-04c1-424b-9868-57a2d4851a1d" />
    <TestEntry testId="83f8126a-ddb7-fbe3-03dc-5bc776ab3f6d" executionId="3a7868f8-35da-4bfc-aaf5-29f54bf16f83" testListId="8c84fa94-04c1-424b-9868-57a2d4851a1d" />
    <TestEntry testId="3553cf45-63f0-9dbb-9e3f-8358a0d190bc" executionId="4cf71be3-5978-4aab-97cd-a3810d032f36" testListId="8c84fa94-04c1-424b-9868-57a2d4851a1d" />
    <TestEntry testId="affce8dc-34e3-4862-d483-60c1fa3bd878" executionId="a78d3a87-1e7a-4ca9-98a5-8f0e670d6e7d" testListId="8c84fa94-04c1-424b-9868-57a2d4851a1d" />
    <TestEntry testId="769c4806-419d-7bd0-278d-73509ec4b3ae" executionId="b8b7ffb3-8dd2-4061-b926-c2492df5c166" testListId="8c84fa94-04c1-424b-9868-57a2d4851a1d" />
    <TestEntry testId="a291fe36-eb29-b0d8-2c63-535c493ce234" executionId="67aae2ab-35ae-4f3f-9563-d0c2008ad2a6" testListId="8c84fa94-04c1-424b-9868-57a2d4851a1d" />
    <TestEntry testId="ba1dca1e-fba3-c556-d574-2962c171af3a" executionId="9e9e782e-c345-4800-830c-aa64cc4b3825" testListId="8c84fa94-04c1-424b-9868-57a2d4851a1d" />
    <TestEntry testId="ead14aa8-9102-f820-04ce-68f11eef3af6" executionId="bf44ccd3-8d21-44e6-8a34-9abb2f289c5d" testListId="8c84fa94-04c1-424b-9868-57a2d4851a1d" />
  </TestEntries>
  <TestLists>
    <TestList name="Results Not in a List" id="8c84fa94-04c1-424b-9868-57a2d4851a1d" />
    <TestList name="All Loaded Results" id="19431567-8539-422a-85d7-44ee4e166bda" />
  </TestLists>
  <ResultSummary outcome="Completed">
    <Counters total="95" executed="95" passed="95" failed="0" error="0" timeout="0" aborted="0" inconclusive="0" passedButRunAborted="0" notRunnable="0" notExecuted="0" disconnected="0" warning="0" completed="0" inProgress="0" pending="0" />
    <Output>
      <StdOut>[xUnit.net 00:00:00.00] xUnit.net VSTest Adapter v2.8.2+699d445a1a (64-bit .NET 8.0.22)
[xUnit.net 00:00:00.06]   Discovering: Praxis.Tests
[xUnit.net 00:00:00.10]   Discovered:  Praxis.Tests
[xUnit.net 00:00:00.10]   Starting:    Praxis.Tests
[xUnit.net 00:00:00.25]   Finished:    Praxis.Tests
</StdOut>
    </Output>
  </ResultSummary>
</TestRun>